2025-04-26 19:36:28,016 - MyLogger - DEBUG - '7182' のレコードを取得中...
2025-04-26 19:36:28,017 - MyLogger - DEBUG - カラム '保有' の設定が見つかりません。
2025-04-26 19:36:28,017 - MyLogger - DEBUG - カラム '銘柄コード' の設定が見つかりません。
2025-04-26 19:36:28,186 - MyLogger - DEBUG - '銘柄' のデータを取得しました。値: ゆうちょ銀行
2025-04-26 19:36:28,187 - MyLogger - DEBUG - カラム '口座区分' の設定が見つかりません。
2025-04-26 19:36:28,187 - MyLogger - DEBUG - カラム '購入日' の設定が見つかりません。
2025-04-26 19:36:28,187 - MyLogger - DEBUG - カラム '権利確定月' の設定が見つかりません。
2025-04-26 19:36:28,188 - MyLogger - DEBUG - カラム '買値(円)' の設定が見つかりません。
2025-04-26 19:36:28,188 - MyLogger - DEBUG - カラム '持ち株数' の設定が見つかりません。
2025-04-26 19:36:28,188 - MyLogger - DEBUG - カラム '株価(円)' をスキップします。
2025-04-26 19:36:28,188 - MyLogger - DEBUG - カラム '利回り' の設定が見つかりません。
2025-04-26 19:36:28,188 - MyLogger - DEBUG - カラム '売買損益(円)' の設定が見つかりません。
2025-04-26 19:36:28,189 - MyLogger - DEBUG - カラム '1株配当金' の設定が見つかりません。
2025-04-26 19:36:28,189 - MyLogger - DEBUG - カラム '年間配当金' の設定が見つかりません。
2025-04-26 19:36:28,189 - MyLogger - DEBUG - カラム '株主優待' の設定が見つかりません。
2025-04-26 19:36:28,189 - MyLogger - DEBUG - カラム '時価総額(億円)' の設定が見つかりません。
2025-04-26 19:36:28,212 - MyLogger - DEBUG - '2801' のレコードを取得中...
2025-04-26 19:36:28,213 - MyLogger - DEBUG - カラム '保有' の設定が見つかりません。
2025-04-26 19:36:28,213 - MyLogger - DEBUG - カラム '銘柄コード' の設定が見つかりません。
2025-04-26 19:36:28,386 - MyLogger - DEBUG - '銘柄' のデータを取得しました。値: キッコーマン
2025-04-26 19:36:28,387 - MyLogger - DEBUG - カラム '口座区分' の設定が見つかりません。
2025-04-26 19:36:28,387 - MyLogger - DEBUG - カラム '購入日' の設定が見つかりません。
2025-04-26 19:36:28,388 - MyLogger - DEBUG - カラム '権利確定月' の設定が見つかりません。
2025-04-26 19:36:28,388 - MyLogger - DEBUG - カラム '買値(円)' の設定が見つかりません。
2025-04-26 19:36:28,388 - MyLogger - DEBUG - カラム '持ち株数' の設定が見つかりません。
2025-04-26 19:36:28,388 - MyLogger - DEBUG - カラム '株価(円)' をスキップします。
2025-04-26 19:36:28,389 - MyLogger - DEBUG - カラム '利回り' の設定が見つかりません。
2025-04-26 19:36:28,389 - MyLogger - DEBUG - カラム '売買損益(円)' の設定が見つかりません。
2025-04-26 19:36:28,389 - MyLogger - DEBUG - カラム '1株配当金' の設定が見つかりません。
2025-04-26 19:36:28,389 - MyLogger - DEBUG - カラム '年間配当金' の設定が見つかりません。
2025-04-26 19:36:28,389 - MyLogger - DEBUG - カラム '株主優待' の設定が見つかりません。
2025-04-26 19:36:28,389 - MyLogger - DEBUG - カラム '時価総額(億円)' の設定が見つかりません。
2025-04-26 19:36:28,410 - MyLogger - DEBUG - '4042' のレコードを取得中...
2025-04-26 19:36:28,411 - MyLogger - DEBUG - カラム '保有' の設定が見つかりません。
2025-04-26 19:36:28,411 - MyLogger - DEBUG - カラム '銘柄コード' の設定が見つかりません。
2025-04-26 19:36:28,604 - MyLogger - DEBUG - '銘柄' のデータを取得しました。値: 東ソー
2025-04-26 19:36:28,605 - MyLogger - DEBUG - カラム '口座区分' の設定が見つかりません。
2025-04-26 19:36:28,605 - MyLogger - DEBUG - カラム '購入日' の設定が見つかりません。
2025-04-26 19:36:28,605 - MyLogger - DEBUG - カラム '権利確定月' の設定が見つかりません。
2025-04-26 19:36:28,606 - MyLogger - DEBUG - カラム '買値(円)' の設定が見つかりません。
2025-04-26 19:36:28,606 - MyLogger - DEBUG - カラム '持ち株数' の設定が見つかりません。
2025-04-26 19:36:28,607 - MyLogger - DEBUG - カラム '株価(円)' をスキップします。
2025-04-26 19:36:28,607 - MyLogger - DEBUG - カラム '利回り' の設定が見つかりません。
2025-04-26 19:36:28,607 - MyLogger - DEBUG - カラム '売買損益(円)' の設定が見つかりません。
2025-04-26 19:36:28,607 - MyLogger - DEBUG - カラム '1株配当金' の設定が見つかりません。
2025-04-26 19:36:28,607 - MyLogger - DEBUG - カラム '年間配当金' の設定が見つかりません。
2025-04-26 19:36:28,608 - MyLogger - DEBUG - カラム '株主優待' の設定が見つかりません。
2025-04-26 19:36:28,608 - MyLogger - DEBUG - カラム '時価総額(億円)' の設定が見つかりません。
2025-04-26 19:36:28,632 - MyLogger - DEBUG - '8601' のレコードを取得中...
2025-04-26 19:36:28,633 - MyLogger - DEBUG - カラム '保有' の設定が見つかりません。
2025-04-26 19:36:28,633 - MyLogger - DEBUG - カラム '銘柄コード' の設定が見つかりません。
2025-04-26 19:36:28,800 - MyLogger - DEBUG - '銘柄' のデータを取得しました。値: 大和証券グループ本社
2025-04-26 19:36:28,801 - MyLogger - DEBUG - カラム '口座区分' の設定が見つかりません。
2025-04-26 19:36:28,801 - MyLogger - DEBUG - カラム '購入日' の設定が見つかりません。
2025-04-26 19:36:28,802 - MyLogger - DEBUG - カラム '権利確定月' の設定が見つかりません。
2025-04-26 19:36:28,802 - MyLogger - DEBUG - カラム '買値(円)' の設定が見つかりません。
2025-04-26 19:36:28,802 - MyLogger - DEBUG - カラム '持ち株数' の設定が見つかりません。
2025-04-26 19:36:28,803 - MyLogger - DEBUG - カラム '株価(円)' をスキップします。
2025-04-26 19:36:28,803 - MyLogger - DEBUG - カラム '利回り' の設定が見つかりません。
2025-04-26 19:36:28,803 - MyLogger - DEBUG - カラム '売買損益(円)' の設定が見つかりません。
2025-04-26 19:36:28,804 - MyLogger - DEBUG - カラム '1株配当金' の設定が見つかりません。
2025-04-26 19:36:28,804 - MyLogger - DEBUG - カラム '年間配当金' の設定が見つかりません。
2025-04-26 19:36:28,804 - MyLogger - DEBUG - カラム '株主優待' の設定が見つかりません。
2025-04-26 19:36:28,805 - MyLogger - DEBUG - カラム '時価総額(億円)' の設定が見つかりません。
2025-04-26 19:36:28,834 - MyLogger - DEBUG - '8584' のレコードを取得中...
2025-04-26 19:36:28,835 - MyLogger - DEBUG - カラム '保有' の設定が見つかりません。
2025-04-26 19:36:28,835 - MyLogger - DEBUG - カラム '銘柄コード' の設定が見つかりません。
2025-04-26 19:36:28,979 - MyLogger - DEBUG - '銘柄' のデータを取得しました。値: ジャックス
2025-04-26 19:36:28,980 - MyLogger - DEBUG - カラム '口座区分' の設定が見つかりません。
2025-04-26 19:36:28,980 - MyLogger - DEBUG - カラム '購入日' の設定が見つかりません。
2025-04-26 19:36:28,980 - MyLogger - DEBUG - カラム '権利確定月' の設定が見つかりません。
2025-04-26 19:36:28,980 - MyLogger - DEBUG - カラム '買値(円)' の設定が見つかりません。
2025-04-26 19:36:28,981 - MyLogger - DEBUG - カラム '持ち株数' の設定が見つかりません。
2025-04-26 19:36:28,981 - MyLogger - DEBUG - カラム '株価(円)' をスキップします。
2025-04-26 19:36:28,981 - MyLogger - DEBUG - カラム '利回り' の設定が見つかりません。
2025-04-26 19:36:28,981 - MyLogger - DEBUG - カラム '売買損益(円)' の設定が見つかりません。
2025-04-26 19:36:28,981 - MyLogger - DEBUG - カラム '1株配当金' の設定が見つかりません。
2025-04-26 19:36:28,981 - MyLogger - DEBUG - カラム '年間配当金' の設定が見つかりません。
2025-04-26 19:36:28,981 - MyLogger - DEBUG - カラム '株主優待' の設定が見つかりません。
2025-04-26 19:36:28,982 - MyLogger - DEBUG - カラム '時価総額(億円)' の設定が見つかりません。
2025-04-26 19:36:28,998 - MyLogger - DEBUG - '7994' のレコードを取得中...
2025-04-26 19:36:28,999 - MyLogger - DEBUG - カラム '保有' の設定が見つかりません。
2025-04-26 19:36:28,999 - MyLogger - DEBUG - カラム '銘柄コード' の設定が見つかりません。
2025-04-26 19:36:29,175 - MyLogger - DEBUG - '銘柄' のデータを取得しました。値: オカムラ
2025-04-26 19:36:29,176 - MyLogger - DEBUG - カラム '口座区分' の設定が見つかりません。
2025-04-26 19:36:29,177 - MyLogger - DEBUG - カラム '購入日' の設定が見つかりません。
2025-04-26 19:36:29,177 - MyLogger - DEBUG - カラム '権利確定月' の設定が見つかりません。
2025-04-26 19:36:29,177 - MyLogger - DEBUG - カラム '買値(円)' の設定が見つかりません。
2025-04-26 19:36:29,177 - MyLogger - DEBUG - カラム '持ち株数' の設定が見つかりません。
2025-04-26 19:36:29,178 - MyLogger - DEBUG - カラム '株価(円)' をスキップします。
2025-04-26 19:36:29,179 - MyLogger - DEBUG - カラム '利回り' の設定が見つかりません。
2025-04-26 19:36:29,179 - MyLogger - DEBUG - カラム '売買損益(円)' の設定が見つかりません。
2025-04-26 19:36:29,179 - MyLogger - DEBUG - カラム '1株配当金' の設定が見つかりません。
2025-04-26 19:36:29,179 - MyLogger - DEBUG - カラム '年間配当金' の設定が見つかりません。
2025-04-26 19:36:29,179 - MyLogger - DEBUG - カラム '株主優待' の設定が見つかりません。
2025-04-26 19:36:29,180 - MyLogger - DEBUG - カラム '時価総額(億円)' の設定が見つかりません。
2025-04-26 19:36:29,203 - MyLogger - DEBUG - '5105' のレコードを取得中...
2025-04-26 19:36:29,204 - MyLogger - DEBUG - カラム '保有' の設定が見つかりません。
2025-04-26 19:36:29,204 - MyLogger - DEBUG - カラム '銘柄コード' の設定が見つかりません。
2025-04-26 19:36:29,382 - MyLogger - DEBUG - '銘柄' のデータを取得しました。値: ＴＯＹＯ　ＴＩＲＥ
2025-04-26 19:36:29,382 - MyLogger - DEBUG - カラム '口座区分' の設定が見つかりません。
2025-04-26 19:36:29,383 - MyLogger - DEBUG - カラム '購入日' の設定が見つかりません。
2025-04-26 19:36:29,383 - MyLogger - DEBUG - カラム '権利確定月' の設定が見つかりません。
2025-04-26 19:36:29,383 - MyLogger - DEBUG - カラム '買値(円)' の設定が見つかりません。
2025-04-26 19:36:29,383 - MyLogger - DEBUG - カラム '持ち株数' の設定が見つかりません。
2025-04-26 19:36:29,383 - MyLogger - DEBUG - カラム '株価(円)' をスキップします。
2025-04-26 19:36:29,383 - MyLogger - DEBUG - カラム '利回り' の設定が見つかりません。
2025-04-26 19:36:29,383 - MyLogger - DEBUG - カラム '売買損益(円)' の設定が見つかりません。
2025-04-26 19:36:29,384 - MyLogger - DEBUG - カラム '1株配当金' の設定が見つかりません。
2025-04-26 19:36:29,384 - MyLogger - DEBUG - カラム '年間配当金' の設定が見つかりません。
2025-04-26 19:36:29,384 - MyLogger - DEBUG - カラム '株主優待' の設定が見つかりません。
2025-04-26 19:36:29,384 - MyLogger - DEBUG - カラム '時価総額(億円)' の設定が見つかりません。
2025-04-26 19:36:29,400 - MyLogger - DEBUG - '4611' のレコードを取得中...
2025-04-26 19:36:29,401 - MyLogger - DEBUG - カラム '保有' の設定が見つかりません。
2025-04-26 19:36:29,401 - MyLogger - DEBUG - カラム '銘柄コード' の設定が見つかりません。
2025-04-26 19:36:29,571 - MyLogger - DEBUG - '銘柄' のデータを取得しました。値: 大日本塗料
2025-04-26 19:36:29,571 - MyLogger - DEBUG - カラム '口座区分' の設定が見つかりません。
2025-04-26 19:36:29,572 - MyLogger - DEBUG - カラム '購入日' の設定が見つかりません。
2025-04-26 19:36:29,572 - MyLogger - DEBUG - カラム '権利確定月' の設定が見つかりません。
2025-04-26 19:36:29,572 - MyLogger - DEBUG - カラム '買値(円)' の設定が見つかりません。
2025-04-26 19:36:29,572 - MyLogger - DEBUG - カラム '持ち株数' の設定が見つかりません。
2025-04-26 19:36:29,572 - MyLogger - DEBUG - カラム '株価(円)' をスキップします。
2025-04-26 19:36:29,572 - MyLogger - DEBUG - カラム '利回り' の設定が見つかりません。
2025-04-26 19:36:29,573 - MyLogger - DEBUG - カラム '売買損益(円)' の設定が見つかりません。
2025-04-26 19:36:29,573 - MyLogger - DEBUG - カラム '1株配当金' の設定が見つかりません。
2025-04-26 19:36:29,573 - MyLogger - DEBUG - カラム '年間配当金' の設定が見つかりません。
2025-04-26 19:36:29,573 - MyLogger - DEBUG - カラム '株主優待' の設定が見つかりません。
2025-04-26 19:36:29,574 - MyLogger - DEBUG - カラム '時価総額(億円)' の設定が見つかりません。
2025-04-26 19:36:29,593 - MyLogger - DEBUG - '8137' のレコードを取得中...
2025-04-26 19:36:29,593 - MyLogger - DEBUG - カラム '保有' の設定が見つかりません。
2025-04-26 19:36:29,594 - MyLogger - DEBUG - カラム '銘柄コード' の設定が見つかりません。
2025-04-26 19:36:29,768 - MyLogger - DEBUG - '銘柄' のデータを取得しました。値: サンワテクノス
2025-04-26 19:36:29,769 - MyLogger - DEBUG - カラム '口座区分' の設定が見つかりません。
2025-04-26 19:36:29,769 - MyLogger - DEBUG - カラム '購入日' の設定が見つかりません。
2025-04-26 19:36:29,769 - MyLogger - DEBUG - カラム '権利確定月' の設定が見つかりません。
2025-04-26 19:36:29,769 - MyLogger - DEBUG - カラム '買値(円)' の設定が見つかりません。
2025-04-26 19:36:29,769 - MyLogger - DEBUG - カラム '持ち株数' の設定が見つかりません。
2025-04-26 19:36:29,770 - MyLogger - DEBUG - カラム '株価(円)' をスキップします。
2025-04-26 19:36:29,770 - MyLogger - DEBUG - カラム '利回り' の設定が見つかりません。
2025-04-26 19:36:29,770 - MyLogger - DEBUG - カラム '売買損益(円)' の設定が見つかりません。
2025-04-26 19:36:29,770 - MyLogger - DEBUG - カラム '1株配当金' の設定が見つかりません。
2025-04-26 19:36:29,770 - MyLogger - DEBUG - カラム '年間配当金' の設定が見つかりません。
2025-04-26 19:36:29,770 - MyLogger - DEBUG - カラム '株主優待' の設定が見つかりません。
2025-04-26 19:36:29,770 - MyLogger - DEBUG - カラム '時価総額(億円)' の設定が見つかりません。
2025-04-26 19:36:29,784 - MyLogger - DEBUG - '1871' のレコードを取得中...
2025-04-26 19:36:29,785 - MyLogger - DEBUG - カラム '保有' の設定が見つかりません。
2025-04-26 19:36:29,785 - MyLogger - DEBUG - カラム '銘柄コード' の設定が見つかりません。
2025-04-26 19:36:29,962 - MyLogger - DEBUG - '銘柄' のデータを取得しました。値: ピーエス
2025-04-26 19:36:29,963 - MyLogger - DEBUG - カラム '口座区分' の設定が見つかりません。
2025-04-26 19:36:29,963 - MyLogger - DEBUG - カラム '購入日' の設定が見つかりません。
2025-04-26 19:36:29,963 - MyLogger - DEBUG - カラム '権利確定月' の設定が見つかりません。
2025-04-26 19:36:29,963 - MyLogger - DEBUG - カラム '買値(円)' の設定が見つかりません。
2025-04-26 19:36:29,963 - MyLogger - DEBUG - カラム '持ち株数' の設定が見つかりません。
2025-04-26 19:36:29,963 - MyLogger - DEBUG - カラム '株価(円)' をスキップします。
2025-04-26 19:36:29,963 - MyLogger - DEBUG - カラム '利回り' の設定が見つかりません。
2025-04-26 19:36:29,963 - MyLogger - DEBUG - カラム '売買損益(円)' の設定が見つかりません。
2025-04-26 19:36:29,964 - MyLogger - DEBUG - カラム '1株配当金' の設定が見つかりません。
2025-04-26 19:36:29,964 - MyLogger - DEBUG - カラム '年間配当金' の設定が見つかりません。
2025-04-26 19:36:29,964 - MyLogger - DEBUG - カラム '株主優待' の設定が見つかりません。
2025-04-26 19:36:29,964 - MyLogger - DEBUG - カラム '時価総額(億円)' の設定が見つかりません。
2025-04-26 19:36:29,977 - MyLogger - DEBUG - '8016' のレコードを取得中...
2025-04-26 19:36:29,977 - MyLogger - DEBUG - カラム '保有' の設定が見つかりません。
2025-04-26 19:36:29,977 - MyLogger - DEBUG - カラム '銘柄コード' の設定が見つかりません。
2025-04-26 19:36:30,115 - MyLogger - DEBUG - '銘柄' のデータを取得しました。値: オンワード
2025-04-26 19:36:30,115 - MyLogger - DEBUG - カラム '口座区分' の設定が見つかりません。
2025-04-26 19:36:30,116 - MyLogger - DEBUG - カラム '購入日' の設定が見つかりません。
2025-04-26 19:36:30,116 - MyLogger - DEBUG - カラム '権利確定月' の設定が見つかりません。
2025-04-26 19:36:30,116 - MyLogger - DEBUG - カラム '買値(円)' の設定が見つかりません。
2025-04-26 19:36:30,116 - MyLogger - DEBUG - カラム '持ち株数' の設定が見つかりません。
2025-04-26 19:36:30,116 - MyLogger - DEBUG - カラム '株価(円)' をスキップします。
2025-04-26 19:36:30,116 - MyLogger - DEBUG - カラム '利回り' の設定が見つかりません。
2025-04-26 19:36:30,117 - MyLogger - DEBUG - カラム '売買損益(円)' の設定が見つかりません。
2025-04-26 19:36:30,117 - MyLogger - DEBUG - カラム '1株配当金' の設定が見つかりません。
2025-04-26 19:36:30,117 - MyLogger - DEBUG - カラム '年間配当金' の設定が見つかりません。
2025-04-26 19:36:30,117 - MyLogger - DEBUG - カラム '株主優待' の設定が見つかりません。
2025-04-26 19:36:30,117 - MyLogger - DEBUG - カラム '時価総額(億円)' の設定が見つかりません。
2025-04-26 19:36:30,132 - MyLogger - DEBUG - '9022' のレコードを取得中...
2025-04-26 19:36:30,132 - MyLogger - DEBUG - カラム '保有' の設定が見つかりません。
2025-04-26 19:36:30,132 - MyLogger - DEBUG - カラム '銘柄コード' の設定が見つかりません。
2025-04-26 19:36:30,267 - MyLogger - DEBUG - '銘柄' のデータを取得しました。値: ＪＲ東海
2025-04-26 19:36:30,267 - MyLogger - DEBUG - カラム '口座区分' の設定が見つかりません。
2025-04-26 19:36:30,267 - MyLogger - DEBUG - カラム '購入日' の設定が見つかりません。
2025-04-26 19:36:30,268 - MyLogger - DEBUG - カラム '権利確定月' の設定が見つかりません。
2025-04-26 19:36:30,268 - MyLogger - DEBUG - カラム '買値(円)' の設定が見つかりません。
2025-04-26 19:36:30,268 - MyLogger - DEBUG - カラム '持ち株数' の設定が見つかりません。
2025-04-26 19:36:30,268 - MyLogger - DEBUG - カラム '株価(円)' をスキップします。
2025-04-26 19:36:30,268 - MyLogger - DEBUG - カラム '利回り' の設定が見つかりません。
2025-04-26 19:36:30,268 - MyLogger - DEBUG - カラム '売買損益(円)' の設定が見つかりません。
2025-04-26 19:36:30,268 - MyLogger - DEBUG - カラム '1株配当金' の設定が見つかりません。
2025-04-26 19:36:30,268 - MyLogger - DEBUG - カラム '年間配当金' の設定が見つかりません。
2025-04-26 19:36:30,269 - MyLogger - DEBUG - カラム '株主優待' の設定が見つかりません。
2025-04-26 19:36:30,269 - MyLogger - DEBUG - カラム '時価総額(億円)' の設定が見つかりません。
2025-04-26 19:36:30,282 - MyLogger - DEBUG - '5301' のレコードを取得中...
2025-04-26 19:36:30,283 - MyLogger - DEBUG - カラム '保有' の設定が見つかりません。
2025-04-26 19:36:30,283 - MyLogger - DEBUG - カラム '銘柄コード' の設定が見つかりません。
2025-04-26 19:36:30,442 - MyLogger - DEBUG - '銘柄' のデータを取得しました。値: 東海カーボン
2025-04-26 19:36:30,443 - MyLogger - DEBUG - カラム '口座区分' の設定が見つかりません。
2025-04-26 19:36:30,443 - MyLogger - DEBUG - カラム '購入日' の設定が見つかりません。
2025-04-26 19:36:30,443 - MyLogger - DEBUG - カラム '権利確定月' の設定が見つかりません。
2025-04-26 19:36:30,443 - MyLogger - DEBUG - カラム '買値(円)' の設定が見つかりません。
2025-04-26 19:36:30,444 - MyLogger - DEBUG - カラム '持ち株数' の設定が見つかりません。
2025-04-26 19:36:30,444 - MyLogger - DEBUG - カラム '株価(円)' をスキップします。
2025-04-26 19:36:30,444 - MyLogger - DEBUG - カラム '利回り' の設定が見つかりません。
2025-04-26 19:36:30,444 - MyLogger - DEBUG - カラム '売買損益(円)' の設定が見つかりません。
2025-04-26 19:36:30,444 - MyLogger - DEBUG - カラム '1株配当金' の設定が見つかりません。
2025-04-26 19:36:30,445 - MyLogger - DEBUG - カラム '年間配当金' の設定が見つかりません。
2025-04-26 19:36:30,445 - MyLogger - DEBUG - カラム '株主優待' の設定が見つかりません。
2025-04-26 19:36:30,445 - MyLogger - DEBUG - カラム '時価総額(億円)' の設定が見つかりません。
2025-04-26 19:36:30,463 - MyLogger - DEBUG - '4028' のレコードを取得中...
2025-04-26 19:36:30,464 - MyLogger - DEBUG - カラム '保有' の設定が見つかりません。
2025-04-26 19:36:30,464 - MyLogger - DEBUG - カラム '銘柄コード' の設定が見つかりません。
2025-04-26 19:36:30,630 - MyLogger - DEBUG - '銘柄' のデータを取得しました。値: 石原産業
2025-04-26 19:36:30,630 - MyLogger - DEBUG - カラム '口座区分' の設定が見つかりません。
2025-04-26 19:36:30,630 - MyLogger - DEBUG - カラム '購入日' の設定が見つかりません。
2025-04-26 19:36:30,631 - MyLogger - DEBUG - カラム '権利確定月' の設定が見つかりません。
2025-04-26 19:36:30,631 - MyLogger - DEBUG - カラム '買値(円)' の設定が見つかりません。
2025-04-26 19:36:30,631 - MyLogger - DEBUG - カラム '持ち株数' の設定が見つかりません。
2025-04-26 19:36:30,631 - MyLogger - DEBUG - カラム '株価(円)' をスキップします。
2025-04-26 19:36:30,631 - MyLogger - DEBUG - カラム '利回り' の設定が見つかりません。
2025-04-26 19:36:30,631 - MyLogger - DEBUG - カラム '売買損益(円)' の設定が見つかりません。
2025-04-26 19:36:30,631 - MyLogger - DEBUG - カラム '1株配当金' の設定が見つかりません。
2025-04-26 19:36:30,632 - MyLogger - DEBUG - カラム '年間配当金' の設定が見つかりません。
2025-04-26 19:36:30,632 - MyLogger - DEBUG - カラム '株主優待' の設定が見つかりません。
2025-04-26 19:36:30,632 - MyLogger - DEBUG - カラム '時価総額(億円)' の設定が見つかりません。
2025-04-26 19:36:30,648 - MyLogger - DEBUG - '256A' のレコードを取得中...
2025-04-26 19:36:30,648 - MyLogger - DEBUG - カラム '保有' の設定が見つかりません。
2025-04-26 19:36:30,648 - MyLogger - DEBUG - カラム '銘柄コード' の設定が見つかりません。
2025-04-26 19:36:30,835 - MyLogger - DEBUG - '銘柄' のデータを取得しました。値: 飛島ホールディングス
2025-04-26 19:36:30,835 - MyLogger - DEBUG - カラム '口座区分' の設定が見つかりません。
2025-04-26 19:36:30,836 - MyLogger - DEBUG - カラム '購入日' の設定が見つかりません。
2025-04-26 19:36:30,836 - MyLogger - DEBUG - カラム '権利確定月' の設定が見つかりません。
2025-04-26 19:36:30,836 - MyLogger - DEBUG - カラム '買値(円)' の設定が見つかりません。
2025-04-26 19:36:30,836 - MyLogger - DEBUG - カラム '持ち株数' の設定が見つかりません。
2025-04-26 19:36:30,836 - MyLogger - DEBUG - カラム '株価(円)' をスキップします。
2025-04-26 19:36:30,836 - MyLogger - DEBUG - カラム '利回り' の設定が見つかりません。
2025-04-26 19:36:30,836 - MyLogger - DEBUG - カラム '売買損益(円)' の設定が見つかりません。
2025-04-26 19:36:30,837 - MyLogger - DEBUG - カラム '1株配当金' の設定が見つかりません。
2025-04-26 19:36:30,837 - MyLogger - DEBUG - カラム '年間配当金' の設定が見つかりません。
2025-04-26 19:36:30,837 - MyLogger - DEBUG - カラム '株主優待' の設定が見つかりません。
2025-04-26 19:36:30,837 - MyLogger - DEBUG - カラム '時価総額(億円)' の設定が見つかりません。
2025-04-26 19:36:30,853 - MyLogger - DEBUG - '4481' のレコードを取得中...
2025-04-26 19:36:30,854 - MyLogger - DEBUG - カラム '保有' の設定が見つかりません。
2025-04-26 19:36:30,854 - MyLogger - DEBUG - カラム '銘柄コード' の設定が見つかりません。
2025-04-26 19:36:31,023 - MyLogger - DEBUG - '銘柄' のデータを取得しました。値: ベース
2025-04-26 19:36:31,023 - MyLogger - DEBUG - カラム '口座区分' の設定が見つかりません。
2025-04-26 19:36:31,024 - MyLogger - DEBUG - カラム '購入日' の設定が見つかりません。
2025-04-26 19:36:31,024 - MyLogger - DEBUG - カラム '権利確定月' の設定が見つかりません。
2025-04-26 19:36:31,024 - MyLogger - DEBUG - カラム '買値(円)' の設定が見つかりません。
2025-04-26 19:36:31,024 - MyLogger - DEBUG - カラム '持ち株数' の設定が見つかりません。
2025-04-26 19:36:31,024 - MyLogger - DEBUG - カラム '株価(円)' をスキップします。
2025-04-26 19:36:31,024 - MyLogger - DEBUG - カラム '利回り' の設定が見つかりません。
2025-04-26 19:36:31,024 - MyLogger - DEBUG - カラム '売買損益(円)' の設定が見つかりません。
2025-04-26 19:36:31,025 - MyLogger - DEBUG - カラム '1株配当金' の設定が見つかりません。
2025-04-26 19:36:31,025 - MyLogger - DEBUG - カラム '年間配当金' の設定が見つかりません。
2025-04-26 19:36:31,025 - MyLogger - DEBUG - カラム '株主優待' の設定が見つかりません。
2025-04-26 19:36:31,025 - MyLogger - DEBUG - カラム '時価総額(億円)' の設定が見つかりません。
2025-04-26 19:36:31,041 - MyLogger - DEBUG - '6301' のレコードを取得中...
2025-04-26 19:36:31,042 - MyLogger - DEBUG - カラム '保有' の設定が見つかりません。
2025-04-26 19:36:31,042 - MyLogger - DEBUG - カラム '銘柄コード' の設定が見つかりません。
2025-04-26 19:36:31,216 - MyLogger - DEBUG - '銘柄' のデータを取得しました。値: コマツ
2025-04-26 19:36:31,217 - MyLogger - DEBUG - カラム '口座区分' の設定が見つかりません。
2025-04-26 19:36:31,217 - MyLogger - DEBUG - カラム '購入日' の設定が見つかりません。
2025-04-26 19:36:31,217 - MyLogger - DEBUG - カラム '権利確定月' の設定が見つかりません。
2025-04-26 19:36:31,218 - MyLogger - DEBUG - カラム '買値(円)' の設定が見つかりません。
2025-04-26 19:36:31,218 - MyLogger - DEBUG - カラム '持ち株数' の設定が見つかりません。
2025-04-26 19:36:31,218 - MyLogger - DEBUG - カラム '株価(円)' をスキップします。
2025-04-26 19:36:31,218 - MyLogger - DEBUG - カラム '利回り' の設定が見つかりません。
2025-04-26 19:36:31,219 - MyLogger - DEBUG - カラム '売買損益(円)' の設定が見つかりません。
2025-04-26 19:36:31,219 - MyLogger - DEBUG - カラム '1株配当金' の設定が見つかりません。
2025-04-26 19:36:31,219 - MyLogger - DEBUG - カラム '年間配当金' の設定が見つかりません。
2025-04-26 19:36:31,219 - MyLogger - DEBUG - カラム '株主優待' の設定が見つかりません。
2025-04-26 19:36:31,219 - MyLogger - DEBUG - カラム '時価総額(億円)' の設定が見つかりません。
2025-04-26 19:36:31,240 - MyLogger - DEBUG - '6457' のレコードを取得中...
2025-04-26 19:36:31,240 - MyLogger - DEBUG - カラム '保有' の設定が見つかりません。
2025-04-26 19:36:31,240 - MyLogger - DEBUG - カラム '銘柄コード' の設定が見つかりません。
2025-04-26 19:36:31,380 - MyLogger - DEBUG - '銘柄' のデータを取得しました。値: グローリー
2025-04-26 19:36:31,381 - MyLogger - DEBUG - カラム '口座区分' の設定が見つかりません。
2025-04-26 19:36:31,381 - MyLogger - DEBUG - カラム '購入日' の設定が見つかりません。
2025-04-26 19:36:31,382 - MyLogger - DEBUG - カラム '権利確定月' の設定が見つかりません。
2025-04-26 19:36:31,382 - MyLogger - DEBUG - カラム '買値(円)' の設定が見つかりません。
2025-04-26 19:36:31,382 - MyLogger - DEBUG - カラム '持ち株数' の設定が見つかりません。
2025-04-26 19:36:31,382 - MyLogger - DEBUG - カラム '株価(円)' をスキップします。
2025-04-26 19:36:31,383 - MyLogger - DEBUG - カラム '利回り' の設定が見つかりません。
2025-04-26 19:36:31,383 - MyLogger - DEBUG - カラム '売買損益(円)' の設定が見つかりません。
2025-04-26 19:36:31,383 - MyLogger - DEBUG - カラム '1株配当金' の設定が見つかりません。
2025-04-26 19:36:31,383 - MyLogger - DEBUG - カラム '年間配当金' の設定が見つかりません。
2025-04-26 19:36:31,383 - MyLogger - DEBUG - カラム '株主優待' の設定が見つかりません。
2025-04-26 19:36:31,384 - MyLogger - DEBUG - カラム '時価総額(億円)' の設定が見つかりません。
2025-04-26 19:36:31,406 - MyLogger - DEBUG - '1911' のレコードを取得中...
2025-04-26 19:36:31,406 - MyLogger - DEBUG - カラム '保有' の設定が見つかりません。
2025-04-26 19:36:31,407 - MyLogger - DEBUG - カラム '銘柄コード' の設定が見つかりません。
2025-04-26 19:36:31,575 - MyLogger - DEBUG - '銘柄' のデータを取得しました。値: 住友林業
2025-04-26 19:36:31,576 - MyLogger - DEBUG - カラム '口座区分' の設定が見つかりません。
2025-04-26 19:36:31,576 - MyLogger - DEBUG - カラム '購入日' の設定が見つかりません。
2025-04-26 19:36:31,577 - MyLogger - DEBUG - カラム '権利確定月' の設定が見つかりません。
2025-04-26 19:36:31,577 - MyLogger - DEBUG - カラム '買値(円)' の設定が見つかりません。
2025-04-26 19:36:31,577 - MyLogger - DEBUG - カラム '持ち株数' の設定が見つかりません。
2025-04-26 19:36:31,577 - MyLogger - DEBUG - カラム '株価(円)' をスキップします。
2025-04-26 19:36:31,577 - MyLogger - DEBUG - カラム '利回り' の設定が見つかりません。
2025-04-26 19:36:31,577 - MyLogger - DEBUG - カラム '売買損益(円)' の設定が見つかりません。
2025-04-26 19:36:31,578 - MyLogger - DEBUG - カラム '1株配当金' の設定が見つかりません。
2025-04-26 19:36:31,578 - MyLogger - DEBUG - カラム '年間配当金' の設定が見つかりません。
2025-04-26 19:36:31,579 - MyLogger - DEBUG - カラム '株主優待' の設定が見つかりません。
2025-04-26 19:36:31,579 - MyLogger - DEBUG - カラム '時価総額(億円)' の設定が見つかりません。
2025-04-26 19:36:31,599 - MyLogger - DEBUG - '5076' のレコードを取得中...
2025-04-26 19:36:31,599 - MyLogger - DEBUG - カラム '保有' の設定が見つかりません。
2025-04-26 19:36:31,600 - MyLogger - DEBUG - カラム '銘柄コード' の設定が見つかりません。
2025-04-26 19:36:31,747 - MyLogger - DEBUG - '銘柄' のデータを取得しました。値: インフロニア
2025-04-26 19:36:31,747 - MyLogger - DEBUG - カラム '口座区分' の設定が見つかりません。
2025-04-26 19:36:31,748 - MyLogger - DEBUG - カラム '購入日' の設定が見つかりません。
2025-04-26 19:36:31,748 - MyLogger - DEBUG - カラム '権利確定月' の設定が見つかりません。
2025-04-26 19:36:31,748 - MyLogger - DEBUG - カラム '買値(円)' の設定が見つかりません。
2025-04-26 19:36:31,748 - MyLogger - DEBUG - カラム '持ち株数' の設定が見つかりません。
2025-04-26 19:36:31,748 - MyLogger - DEBUG - カラム '株価(円)' をスキップします。
2025-04-26 19:36:31,748 - MyLogger - DEBUG - カラム '利回り' の設定が見つかりません。
2025-04-26 19:36:31,748 - MyLogger - DEBUG - カラム '売買損益(円)' の設定が見つかりません。
2025-04-26 19:36:31,749 - MyLogger - DEBUG - カラム '1株配当金' の設定が見つかりません。
2025-04-26 19:36:31,749 - MyLogger - DEBUG - カラム '年間配当金' の設定が見つかりません。
2025-04-26 19:36:31,749 - MyLogger - DEBUG - カラム '株主優待' の設定が見つかりません。
2025-04-26 19:36:31,749 - MyLogger - DEBUG - カラム '時価総額(億円)' の設定が見つかりません。
2025-04-26 19:36:31,764 - MyLogger - DEBUG - '4188' のレコードを取得中...
2025-04-26 19:36:31,764 - MyLogger - DEBUG - カラム '保有' の設定が見つかりません。
2025-04-26 19:36:31,765 - MyLogger - DEBUG - カラム '銘柄コード' の設定が見つかりません。
2025-04-26 19:36:31,922 - MyLogger - DEBUG - '銘柄' のデータを取得しました。値: 三菱ケミカルグループ
2025-04-26 19:36:31,922 - MyLogger - DEBUG - カラム '口座区分' の設定が見つかりません。
2025-04-26 19:36:31,922 - MyLogger - DEBUG - カラム '購入日' の設定が見つかりません。
2025-04-26 19:36:31,922 - MyLogger - DEBUG - カラム '権利確定月' の設定が見つかりません。
2025-04-26 19:36:31,922 - MyLogger - DEBUG - カラム '買値(円)' の設定が見つかりません。
2025-04-26 19:36:31,922 - MyLogger - DEBUG - カラム '持ち株数' の設定が見つかりません。
2025-04-26 19:36:31,922 - MyLogger - DEBUG - カラム '株価(円)' をスキップします。
2025-04-26 19:36:31,923 - MyLogger - DEBUG - カラム '利回り' の設定が見つかりません。
2025-04-26 19:36:31,923 - MyLogger - DEBUG - カラム '売買損益(円)' の設定が見つかりません。
2025-04-26 19:36:31,923 - MyLogger - DEBUG - カラム '1株配当金' の設定が見つかりません。
2025-04-26 19:36:31,923 - MyLogger - DEBUG - カラム '年間配当金' の設定が見つかりません。
2025-04-26 19:36:31,923 - MyLogger - DEBUG - カラム '株主優待' の設定が見つかりません。
2025-04-26 19:36:31,923 - MyLogger - DEBUG - カラム '時価総額(億円)' の設定が見つかりません。
2025-04-26 19:36:31,936 - MyLogger - DEBUG - '3221' のレコードを取得中...
2025-04-26 19:36:31,937 - MyLogger - DEBUG - カラム '保有' の設定が見つかりません。
2025-04-26 19:36:31,937 - MyLogger - DEBUG - カラム '銘柄コード' の設定が見つかりません。
2025-04-26 19:36:32,104 - MyLogger - DEBUG - '銘柄' のデータを取得しました。値: ヨシックス
2025-04-26 19:36:32,105 - MyLogger - DEBUG - カラム '口座区分' の設定が見つかりません。
2025-04-26 19:36:32,105 - MyLogger - DEBUG - カラム '購入日' の設定が見つかりません。
2025-04-26 19:36:32,105 - MyLogger - DEBUG - カラム '権利確定月' の設定が見つかりません。
2025-04-26 19:36:32,106 - MyLogger - DEBUG - カラム '買値(円)' の設定が見つかりません。
2025-04-26 19:36:32,106 - MyLogger - DEBUG - カラム '持ち株数' の設定が見つかりません。
2025-04-26 19:36:32,106 - MyLogger - DEBUG - カラム '株価(円)' をスキップします。
2025-04-26 19:36:32,106 - MyLogger - DEBUG - カラム '利回り' の設定が見つかりません。
2025-04-26 19:36:32,106 - MyLogger - DEBUG - カラム '売買損益(円)' の設定が見つかりません。
2025-04-26 19:36:32,106 - MyLogger - DEBUG - カラム '1株配当金' の設定が見つかりません。
2025-04-26 19:36:32,106 - MyLogger - DEBUG - カラム '年間配当金' の設定が見つかりません。
2025-04-26 19:36:32,107 - MyLogger - DEBUG - カラム '株主優待' の設定が見つかりません。
2025-04-26 19:36:32,107 - MyLogger - DEBUG - カラム '時価総額(億円)' の設定が見つかりません。
2025-04-26 19:36:32,126 - MyLogger - DEBUG - '197A' のレコードを取得中...
2025-04-26 19:36:32,126 - MyLogger - DEBUG - カラム '保有' の設定が見つかりません。
2025-04-26 19:36:32,127 - MyLogger - DEBUG - カラム '銘柄コード' の設定が見つかりません。
2025-04-26 19:36:32,274 - MyLogger - DEBUG - '銘柄' のデータを取得しました。値: タウンズ
2025-04-26 19:36:32,275 - MyLogger - DEBUG - カラム '口座区分' の設定が見つかりません。
2025-04-26 19:36:32,276 - MyLogger - DEBUG - カラム '購入日' の設定が見つかりません。
2025-04-26 19:36:32,276 - MyLogger - DEBUG - カラム '権利確定月' の設定が見つかりません。
2025-04-26 19:36:32,276 - MyLogger - DEBUG - カラム '買値(円)' の設定が見つかりません。
2025-04-26 19:36:32,276 - MyLogger - DEBUG - カラム '持ち株数' の設定が見つかりません。
2025-04-26 19:36:32,277 - MyLogger - DEBUG - カラム '株価(円)' をスキップします。
2025-04-26 19:36:32,277 - MyLogger - DEBUG - カラム '利回り' の設定が見つかりません。
2025-04-26 19:36:32,277 - MyLogger - DEBUG - カラム '売買損益(円)' の設定が見つかりません。
2025-04-26 19:36:32,277 - MyLogger - DEBUG - カラム '1株配当金' の設定が見つかりません。
2025-04-26 19:36:32,277 - MyLogger - DEBUG - カラム '年間配当金' の設定が見つかりません。
2025-04-26 19:36:32,277 - MyLogger - DEBUG - カラム '株主優待' の設定が見つかりません。
2025-04-26 19:36:32,277 - MyLogger - DEBUG - カラム '時価総額(億円)' の設定が見つかりません。
2025-04-26 19:36:32,298 - MyLogger - DEBUG - '3417' のレコードを取得中...
2025-04-26 19:36:32,298 - MyLogger - DEBUG - カラム '保有' の設定が見つかりません。
2025-04-26 19:36:32,299 - MyLogger - DEBUG - カラム '銘柄コード' の設定が見つかりません。
2025-04-26 19:36:32,482 - MyLogger - DEBUG - '銘柄' のデータを取得しました。値: 大木ヘルス
2025-04-26 19:36:32,482 - MyLogger - DEBUG - カラム '口座区分' の設定が見つかりません。
2025-04-26 19:36:32,482 - MyLogger - DEBUG - カラム '購入日' の設定が見つかりません。
2025-04-26 19:36:32,482 - MyLogger - DEBUG - カラム '権利確定月' の設定が見つかりません。
2025-04-26 19:36:32,482 - MyLogger - DEBUG - カラム '買値(円)' の設定が見つかりません。
2025-04-26 19:36:32,482 - MyLogger - DEBUG - カラム '持ち株数' の設定が見つかりません。
2025-04-26 19:36:32,483 - MyLogger - DEBUG - カラム '株価(円)' をスキップします。
2025-04-26 19:36:32,483 - MyLogger - DEBUG - カラム '利回り' の設定が見つかりません。
2025-04-26 19:36:32,483 - MyLogger - DEBUG - カラム '売買損益(円)' の設定が見つかりません。
2025-04-26 19:36:32,483 - MyLogger - DEBUG - カラム '1株配当金' の設定が見つかりません。
2025-04-26 19:36:32,483 - MyLogger - DEBUG - カラム '年間配当金' の設定が見つかりません。
2025-04-26 19:36:32,483 - MyLogger - DEBUG - カラム '株主優待' の設定が見つかりません。
2025-04-26 19:36:32,483 - MyLogger - DEBUG - カラム '時価総額(億円)' の設定が見つかりません。
2025-04-26 19:36:32,503 - MyLogger - DEBUG - '7762' のレコードを取得中...
2025-04-26 19:36:32,504 - MyLogger - DEBUG - カラム '保有' の設定が見つかりません。
2025-04-26 19:36:32,504 - MyLogger - DEBUG - カラム '銘柄コード' の設定が見つかりません。
2025-04-26 19:36:32,715 - MyLogger - DEBUG - '銘柄' のデータを取得しました。値: シチズン時計
2025-04-26 19:36:32,716 - MyLogger - DEBUG - カラム '口座区分' の設定が見つかりません。
2025-04-26 19:36:32,716 - MyLogger - DEBUG - カラム '購入日' の設定が見つかりません。
2025-04-26 19:36:32,716 - MyLogger - DEBUG - カラム '権利確定月' の設定が見つかりません。
2025-04-26 19:36:32,717 - MyLogger - DEBUG - カラム '買値(円)' の設定が見つかりません。
2025-04-26 19:36:32,717 - MyLogger - DEBUG - カラム '持ち株数' の設定が見つかりません。
2025-04-26 19:36:32,717 - MyLogger - DEBUG - カラム '株価(円)' をスキップします。
2025-04-26 19:36:32,717 - MyLogger - DEBUG - カラム '利回り' の設定が見つかりません。
2025-04-26 19:36:32,717 - MyLogger - DEBUG - カラム '売買損益(円)' の設定が見つかりません。
2025-04-26 19:36:32,718 - MyLogger - DEBUG - カラム '1株配当金' の設定が見つかりません。
2025-04-26 19:36:32,718 - MyLogger - DEBUG - カラム '年間配当金' の設定が見つかりません。
2025-04-26 19:36:32,718 - MyLogger - DEBUG - カラム '株主優待' の設定が見つかりません。
2025-04-26 19:36:32,718 - MyLogger - DEBUG - カラム '時価総額(億円)' の設定が見つかりません。
2025-04-26 19:36:32,741 - MyLogger - DEBUG - '6877' のレコードを取得中...
2025-04-26 19:36:32,741 - MyLogger - DEBUG - カラム '保有' の設定が見つかりません。
2025-04-26 19:36:32,742 - MyLogger - DEBUG - カラム '銘柄コード' の設定が見つかりません。
2025-04-26 19:36:32,930 - MyLogger - DEBUG - '銘柄' のデータを取得しました。値: ＯＢＡＲＡ　ＧＲＯＵＰ
2025-04-26 19:36:32,931 - MyLogger - DEBUG - カラム '口座区分' の設定が見つかりません。
2025-04-26 19:36:32,931 - MyLogger - DEBUG - カラム '購入日' の設定が見つかりません。
2025-04-26 19:36:32,932 - MyLogger - DEBUG - カラム '権利確定月' の設定が見つかりません。
2025-04-26 19:36:32,932 - MyLogger - DEBUG - カラム '買値(円)' の設定が見つかりません。
2025-04-26 19:36:32,932 - MyLogger - DEBUG - カラム '持ち株数' の設定が見つかりません。
2025-04-26 19:36:32,932 - MyLogger - DEBUG - カラム '株価(円)' をスキップします。
2025-04-26 19:36:32,933 - MyLogger - DEBUG - カラム '利回り' の設定が見つかりません。
2025-04-26 19:36:32,933 - MyLogger - DEBUG - カラム '売買損益(円)' の設定が見つかりません。
2025-04-26 19:36:32,933 - MyLogger - DEBUG - カラム '1株配当金' の設定が見つかりません。
2025-04-26 19:36:32,934 - MyLogger - DEBUG - カラム '年間配当金' の設定が見つかりません。
2025-04-26 19:36:32,934 - MyLogger - DEBUG - カラム '株主優待' の設定が見つかりません。
2025-04-26 19:36:32,934 - MyLogger - DEBUG - カラム '時価総額(億円)' の設定が見つかりません。
2025-04-26 19:36:32,959 - MyLogger - DEBUG - '3175' のレコードを取得中...
2025-04-26 19:36:32,960 - MyLogger - DEBUG - カラム '保有' の設定が見つかりません。
2025-04-26 19:36:32,960 - MyLogger - DEBUG - カラム '銘柄コード' の設定が見つかりません。
2025-04-26 19:36:33,132 - MyLogger - DEBUG - '銘柄' のデータを取得しました。値: ＡＰＨＤ
2025-04-26 19:36:33,132 - MyLogger - DEBUG - カラム '口座区分' の設定が見つかりません。
2025-04-26 19:36:33,132 - MyLogger - DEBUG - カラム '購入日' の設定が見つかりません。
2025-04-26 19:36:33,133 - MyLogger - DEBUG - カラム '権利確定月' の設定が見つかりません。
2025-04-26 19:36:33,133 - MyLogger - DEBUG - カラム '買値(円)' の設定が見つかりません。
2025-04-26 19:36:33,133 - MyLogger - DEBUG - カラム '持ち株数' の設定が見つかりません。
2025-04-26 19:36:33,133 - MyLogger - DEBUG - カラム '株価(円)' をスキップします。
2025-04-26 19:36:33,133 - MyLogger - DEBUG - カラム '利回り' の設定が見つかりません。
2025-04-26 19:36:33,133 - MyLogger - DEBUG - カラム '売買損益(円)' の設定が見つかりません。
2025-04-26 19:36:33,133 - MyLogger - DEBUG - カラム '1株配当金' の設定が見つかりません。
2025-04-26 19:36:33,134 - MyLogger - DEBUG - カラム '年間配当金' の設定が見つかりません。
2025-04-26 19:36:33,134 - MyLogger - DEBUG - カラム '株主優待' の設定が見つかりません。
2025-04-26 19:36:33,134 - MyLogger - DEBUG - カラム '時価総額(億円)' の設定が見つかりません。
2025-04-26 19:36:33,149 - MyLogger - DEBUG - '2117' のレコードを取得中...
2025-04-26 19:36:33,150 - MyLogger - DEBUG - カラム '保有' の設定が見つかりません。
2025-04-26 19:36:33,150 - MyLogger - DEBUG - カラム '銘柄コード' の設定が見つかりません。
2025-04-26 19:36:33,312 - MyLogger - DEBUG - '銘柄' のデータを取得しました。値: ウェルネオシュガー
2025-04-26 19:36:33,313 - MyLogger - DEBUG - カラム '口座区分' の設定が見つかりません。
2025-04-26 19:36:33,313 - MyLogger - DEBUG - カラム '購入日' の設定が見つかりません。
2025-04-26 19:36:33,313 - MyLogger - DEBUG - カラム '権利確定月' の設定が見つかりません。
2025-04-26 19:36:33,314 - MyLogger - DEBUG - カラム '買値(円)' の設定が見つかりません。
2025-04-26 19:36:33,314 - MyLogger - DEBUG - カラム '持ち株数' の設定が見つかりません。
2025-04-26 19:36:33,314 - MyLogger - DEBUG - カラム '株価(円)' をスキップします。
2025-04-26 19:36:33,315 - MyLogger - DEBUG - カラム '利回り' の設定が見つかりません。
2025-04-26 19:36:33,315 - MyLogger - DEBUG - カラム '売買損益(円)' の設定が見つかりません。
2025-04-26 19:36:33,315 - MyLogger - DEBUG - カラム '1株配当金' の設定が見つかりません。
2025-04-26 19:36:33,315 - MyLogger - DEBUG - カラム '年間配当金' の設定が見つかりません。
2025-04-26 19:36:33,315 - MyLogger - DEBUG - カラム '株主優待' の設定が見つかりません。
2025-04-26 19:36:33,316 - MyLogger - DEBUG - カラム '時価総額(億円)' の設定が見つかりません。
2025-04-26 19:36:33,340 - MyLogger - DEBUG - '4848' のレコードを取得中...
2025-04-26 19:36:33,341 - MyLogger - DEBUG - カラム '保有' の設定が見つかりません。
2025-04-26 19:36:33,341 - MyLogger - DEBUG - カラム '銘柄コード' の設定が見つかりません。
2025-04-26 19:36:33,524 - MyLogger - DEBUG - '銘柄' のデータを取得しました。値: フルキャスト
2025-04-26 19:36:33,525 - MyLogger - DEBUG - カラム '口座区分' の設定が見つかりません。
2025-04-26 19:36:33,525 - MyLogger - DEBUG - カラム '購入日' の設定が見つかりません。
2025-04-26 19:36:33,525 - MyLogger - DEBUG - カラム '権利確定月' の設定が見つかりません。
2025-04-26 19:36:33,525 - MyLogger - DEBUG - カラム '買値(円)' の設定が見つかりません。
2025-04-26 19:36:33,525 - MyLogger - DEBUG - カラム '持ち株数' の設定が見つかりません。
2025-04-26 19:36:33,526 - MyLogger - DEBUG - カラム '株価(円)' をスキップします。
2025-04-26 19:36:33,526 - MyLogger - DEBUG - カラム '利回り' の設定が見つかりません。
2025-04-26 19:36:33,526 - MyLogger - DEBUG - カラム '売買損益(円)' の設定が見つかりません。
2025-04-26 19:36:33,526 - MyLogger - DEBUG - カラム '1株配当金' の設定が見つかりません。
2025-04-26 19:36:33,526 - MyLogger - DEBUG - カラム '年間配当金' の設定が見つかりません。
2025-04-26 19:36:33,526 - MyLogger - DEBUG - カラム '株主優待' の設定が見つかりません。
2025-04-26 19:36:33,526 - MyLogger - DEBUG - カラム '時価総額(億円)' の設定が見つかりません。
2025-04-26 19:36:33,558 - MyLogger - DEBUG - '9249' のレコードを取得中...
2025-04-26 19:36:33,559 - MyLogger - DEBUG - カラム '保有' の設定が見つかりません。
2025-04-26 19:36:33,559 - MyLogger - DEBUG - カラム '銘柄コード' の設定が見つかりません。
2025-04-26 19:36:33,713 - MyLogger - DEBUG - '銘柄' のデータを取得しました。値: 日本エコシステム
2025-04-26 19:36:33,713 - MyLogger - DEBUG - カラム '口座区分' の設定が見つかりません。
2025-04-26 19:36:33,714 - MyLogger - DEBUG - カラム '購入日' の設定が見つかりません。
2025-04-26 19:36:33,714 - MyLogger - DEBUG - カラム '権利確定月' の設定が見つかりません。
2025-04-26 19:36:33,714 - MyLogger - DEBUG - カラム '買値(円)' の設定が見つかりません。
2025-04-26 19:36:33,714 - MyLogger - DEBUG - カラム '持ち株数' の設定が見つかりません。
2025-04-26 19:36:33,714 - MyLogger - DEBUG - カラム '株価(円)' をスキップします。
2025-04-26 19:36:33,714 - MyLogger - DEBUG - カラム '利回り' の設定が見つかりません。
2025-04-26 19:36:33,714 - MyLogger - DEBUG - カラム '売買損益(円)' の設定が見つかりません。
2025-04-26 19:36:33,714 - MyLogger - DEBUG - カラム '1株配当金' の設定が見つかりません。
2025-04-26 19:36:33,714 - MyLogger - DEBUG - カラム '年間配当金' の設定が見つかりません。
2025-04-26 19:36:33,714 - MyLogger - DEBUG - カラム '株主優待' の設定が見つかりません。
2025-04-26 19:36:33,715 - MyLogger - DEBUG - カラム '時価総額(億円)' の設定が見つかりません。
2025-04-26 19:36:33,726 - MyLogger - DEBUG - '4931' のレコードを取得中...
2025-04-26 19:36:33,727 - MyLogger - DEBUG - カラム '保有' の設定が見つかりません。
2025-04-26 19:36:33,727 - MyLogger - DEBUG - カラム '銘柄コード' の設定が見つかりません。
2025-04-26 19:36:33,892 - MyLogger - DEBUG - '銘柄' のデータを取得しました。値: 新日本製薬
2025-04-26 19:36:33,892 - MyLogger - DEBUG - カラム '口座区分' の設定が見つかりません。
2025-04-26 19:36:33,893 - MyLogger - DEBUG - カラム '購入日' の設定が見つかりません。
2025-04-26 19:36:33,893 - MyLogger - DEBUG - カラム '権利確定月' の設定が見つかりません。
2025-04-26 19:36:33,893 - MyLogger - DEBUG - カラム '買値(円)' の設定が見つかりません。
2025-04-26 19:36:33,893 - MyLogger - DEBUG - カラム '持ち株数' の設定が見つかりません。
2025-04-26 19:36:33,893 - MyLogger - DEBUG - カラム '株価(円)' をスキップします。
2025-04-26 19:36:33,894 - MyLogger - DEBUG - カラム '利回り' の設定が見つかりません。
2025-04-26 19:36:33,894 - MyLogger - DEBUG - カラム '売買損益(円)' の設定が見つかりません。
2025-04-26 19:36:33,894 - MyLogger - DEBUG - カラム '1株配当金' の設定が見つかりません。
2025-04-26 19:36:33,894 - MyLogger - DEBUG - カラム '年間配当金' の設定が見つかりません。
2025-04-26 19:36:33,894 - MyLogger - DEBUG - カラム '株主優待' の設定が見つかりません。
2025-04-26 19:36:33,895 - MyLogger - DEBUG - カラム '時価総額(億円)' の設定が見つかりません。
2025-04-26 19:36:33,915 - MyLogger - DEBUG - '4205' のレコードを取得中...
2025-04-26 19:36:33,915 - MyLogger - DEBUG - カラム '保有' の設定が見つかりません。
2025-04-26 19:36:33,916 - MyLogger - DEBUG - カラム '銘柄コード' の設定が見つかりません。
2025-04-26 19:36:34,079 - MyLogger - DEBUG - '銘柄' のデータを取得しました。値: 日本ゼオン
2025-04-26 19:36:34,080 - MyLogger - DEBUG - カラム '口座区分' の設定が見つかりません。
2025-04-26 19:36:34,080 - MyLogger - DEBUG - カラム '購入日' の設定が見つかりません。
2025-04-26 19:36:34,080 - MyLogger - DEBUG - カラム '権利確定月' の設定が見つかりません。
2025-04-26 19:36:34,080 - MyLogger - DEBUG - カラム '買値(円)' の設定が見つかりません。
2025-04-26 19:36:34,081 - MyLogger - DEBUG - カラム '持ち株数' の設定が見つかりません。
2025-04-26 19:36:34,081 - MyLogger - DEBUG - カラム '株価(円)' をスキップします。
2025-04-26 19:36:34,082 - MyLogger - DEBUG - カラム '利回り' の設定が見つかりません。
2025-04-26 19:36:34,082 - MyLogger - DEBUG - カラム '売買損益(円)' の設定が見つかりません。
2025-04-26 19:36:34,082 - MyLogger - DEBUG - カラム '1株配当金' の設定が見つかりません。
2025-04-26 19:36:34,083 - MyLogger - DEBUG - カラム '年間配当金' の設定が見つかりません。
2025-04-26 19:36:34,083 - MyLogger - DEBUG - カラム '株主優待' の設定が見つかりません。
2025-04-26 19:36:34,083 - MyLogger - DEBUG - カラム '時価総額(億円)' の設定が見つかりません。
2025-04-26 19:36:34,108 - MyLogger - DEBUG - '4409' のレコードを取得中...
2025-04-26 19:36:34,108 - MyLogger - DEBUG - カラム '保有' の設定が見つかりません。
2025-04-26 19:36:34,109 - MyLogger - DEBUG - カラム '銘柄コード' の設定が見つかりません。
2025-04-26 19:36:34,280 - MyLogger - DEBUG - '銘柄' のデータを取得しました。値: 東邦化学工業
2025-04-26 19:36:34,281 - MyLogger - DEBUG - カラム '口座区分' の設定が見つかりません。
2025-04-26 19:36:34,281 - MyLogger - DEBUG - カラム '購入日' の設定が見つかりません。
2025-04-26 19:36:34,282 - MyLogger - DEBUG - カラム '権利確定月' の設定が見つかりません。
2025-04-26 19:36:34,282 - MyLogger - DEBUG - カラム '買値(円)' の設定が見つかりません。
2025-04-26 19:36:34,282 - MyLogger - DEBUG - カラム '持ち株数' の設定が見つかりません。
2025-04-26 19:36:34,283 - MyLogger - DEBUG - カラム '株価(円)' をスキップします。
2025-04-26 19:36:34,283 - MyLogger - DEBUG - カラム '利回り' の設定が見つかりません。
2025-04-26 19:36:34,284 - MyLogger - DEBUG - カラム '売買損益(円)' の設定が見つかりません。
2025-04-26 19:36:34,284 - MyLogger - DEBUG - カラム '1株配当金' の設定が見つかりません。
2025-04-26 19:36:34,284 - MyLogger - DEBUG - カラム '年間配当金' の設定が見つかりません。
2025-04-26 19:36:34,285 - MyLogger - DEBUG - カラム '株主優待' の設定が見つかりません。
2025-04-26 19:36:34,285 - MyLogger - DEBUG - カラム '時価総額(億円)' の設定が見つかりません。
2025-04-26 19:36:34,310 - MyLogger - DEBUG - '2009' のレコードを取得中...
2025-04-26 19:36:34,310 - MyLogger - DEBUG - カラム '保有' の設定が見つかりません。
2025-04-26 19:36:34,310 - MyLogger - DEBUG - カラム '銘柄コード' の設定が見つかりません。
2025-04-26 19:36:34,494 - MyLogger - DEBUG - '銘柄' のデータを取得しました。値: 鳥越製粉
2025-04-26 19:36:34,494 - MyLogger - DEBUG - カラム '口座区分' の設定が見つかりません。
2025-04-26 19:36:34,494 - MyLogger - DEBUG - カラム '購入日' の設定が見つかりません。
2025-04-26 19:36:34,494 - MyLogger - DEBUG - カラム '権利確定月' の設定が見つかりません。
2025-04-26 19:36:34,494 - MyLogger - DEBUG - カラム '買値(円)' の設定が見つかりません。
2025-04-26 19:36:34,495 - MyLogger - DEBUG - カラム '持ち株数' の設定が見つかりません。
2025-04-26 19:36:34,495 - MyLogger - DEBUG - カラム '株価(円)' をスキップします。
2025-04-26 19:36:34,495 - MyLogger - DEBUG - カラム '利回り' の設定が見つかりません。
2025-04-26 19:36:34,495 - MyLogger - DEBUG - カラム '売買損益(円)' の設定が見つかりません。
2025-04-26 19:36:34,495 - MyLogger - DEBUG - カラム '1株配当金' の設定が見つかりません。
2025-04-26 19:36:34,495 - MyLogger - DEBUG - カラム '年間配当金' の設定が見つかりません。
2025-04-26 19:36:34,495 - MyLogger - DEBUG - カラム '株主優待' の設定が見つかりません。
2025-04-26 19:36:34,495 - MyLogger - DEBUG - カラム '時価総額(億円)' の設定が見つかりません。
2025-04-26 19:36:34,507 - MyLogger - DEBUG - '167A' のレコードを取得中...
2025-04-26 19:36:34,507 - MyLogger - DEBUG - カラム '保有' の設定が見つかりません。
2025-04-26 19:36:34,507 - MyLogger - DEBUG - カラム '銘柄コード' の設定が見つかりません。
2025-04-26 19:36:34,650 - MyLogger - DEBUG - '銘柄' のデータを取得しました。値: リョー菱ＨＤ
2025-04-26 19:36:34,650 - MyLogger - DEBUG - カラム '口座区分' の設定が見つかりません。
2025-04-26 19:36:34,650 - MyLogger - DEBUG - カラム '購入日' の設定が見つかりません。
2025-04-26 19:36:34,650 - MyLogger - DEBUG - カラム '権利確定月' の設定が見つかりません。
2025-04-26 19:36:34,651 - MyLogger - DEBUG - カラム '買値(円)' の設定が見つかりません。
2025-04-26 19:36:34,651 - MyLogger - DEBUG - カラム '持ち株数' の設定が見つかりません。
2025-04-26 19:36:34,651 - MyLogger - DEBUG - カラム '株価(円)' をスキップします。
2025-04-26 19:36:34,651 - MyLogger - DEBUG - カラム '利回り' の設定が見つかりません。
2025-04-26 19:36:34,652 - MyLogger - DEBUG - カラム '売買損益(円)' の設定が見つかりません。
2025-04-26 19:36:34,652 - MyLogger - DEBUG - カラム '1株配当金' の設定が見つかりません。
2025-04-26 19:36:34,652 - MyLogger - DEBUG - カラム '年間配当金' の設定が見つかりません。
2025-04-26 19:36:34,652 - MyLogger - DEBUG - カラム '株主優待' の設定が見つかりません。
2025-04-26 19:36:34,652 - MyLogger - DEBUG - カラム '時価総額(億円)' の設定が見つかりません。
2025-04-26 19:36:34,667 - MyLogger - DEBUG - '4204' のレコードを取得中...
2025-04-26 19:36:34,668 - MyLogger - DEBUG - カラム '保有' の設定が見つかりません。
2025-04-26 19:36:34,668 - MyLogger - DEBUG - カラム '銘柄コード' の設定が見つかりません。
2025-04-26 19:36:34,857 - MyLogger - DEBUG - '銘柄' のデータを取得しました。値: 積水化学工業
2025-04-26 19:36:34,858 - MyLogger - DEBUG - カラム '口座区分' の設定が見つかりません。
2025-04-26 19:36:34,858 - MyLogger - DEBUG - カラム '購入日' の設定が見つかりません。
2025-04-26 19:36:34,858 - MyLogger - DEBUG - カラム '権利確定月' の設定が見つかりません。
2025-04-26 19:36:34,858 - MyLogger - DEBUG - カラム '買値(円)' の設定が見つかりません。
2025-04-26 19:36:34,858 - MyLogger - DEBUG - カラム '持ち株数' の設定が見つかりません。
2025-04-26 19:36:34,859 - MyLogger - DEBUG - カラム '株価(円)' をスキップします。
2025-04-26 19:36:34,859 - MyLogger - DEBUG - カラム '利回り' の設定が見つかりません。
2025-04-26 19:36:34,859 - MyLogger - DEBUG - カラム '売買損益(円)' の設定が見つかりません。
2025-04-26 19:36:34,859 - MyLogger - DEBUG - カラム '1株配当金' の設定が見つかりません。
2025-04-26 19:36:34,859 - MyLogger - DEBUG - カラム '年間配当金' の設定が見つかりません。
2025-04-26 19:36:34,859 - MyLogger - DEBUG - カラム '株主優待' の設定が見つかりません。
2025-04-26 19:36:34,859 - MyLogger - DEBUG - カラム '時価総額(億円)' の設定が見つかりません。
2025-04-26 19:36:34,874 - MyLogger - DEBUG - '4107' のレコードを取得中...
2025-04-26 19:36:34,875 - MyLogger - DEBUG - カラム '保有' の設定が見つかりません。
2025-04-26 19:36:34,875 - MyLogger - DEBUG - カラム '銘柄コード' の設定が見つかりません。
2025-04-26 19:36:35,031 - MyLogger - DEBUG - '銘柄' のデータを取得しました。値: 伊勢化学工業
2025-04-26 19:36:35,031 - MyLogger - DEBUG - カラム '口座区分' の設定が見つかりません。
2025-04-26 19:36:35,031 - MyLogger - DEBUG - カラム '購入日' の設定が見つかりません。
2025-04-26 19:36:35,031 - MyLogger - DEBUG - カラム '権利確定月' の設定が見つかりません。
2025-04-26 19:36:35,031 - MyLogger - DEBUG - カラム '買値(円)' の設定が見つかりません。
2025-04-26 19:36:35,032 - MyLogger - DEBUG - カラム '持ち株数' の設定が見つかりません。
2025-04-26 19:36:35,032 - MyLogger - DEBUG - カラム '株価(円)' をスキップします。
2025-04-26 19:36:35,032 - MyLogger - DEBUG - カラム '利回り' の設定が見つかりません。
2025-04-26 19:36:35,032 - MyLogger - DEBUG - カラム '売買損益(円)' の設定が見つかりません。
2025-04-26 19:36:35,032 - MyLogger - DEBUG - カラム '1株配当金' の設定が見つかりません。
2025-04-26 19:36:35,032 - MyLogger - DEBUG - カラム '年間配当金' の設定が見つかりません。
2025-04-26 19:36:35,032 - MyLogger - DEBUG - カラム '株主優待' の設定が見つかりません。
2025-04-26 19:36:35,032 - MyLogger - DEBUG - カラム '時価総額(億円)' の設定が見つかりません。
2025-04-26 19:36:35,045 - MyLogger - DEBUG - '3943' のレコードを取得中...
2025-04-26 19:36:35,045 - MyLogger - DEBUG - カラム '保有' の設定が見つかりません。
2025-04-26 19:36:35,045 - MyLogger - DEBUG - カラム '銘柄コード' の設定が見つかりません。
2025-04-26 19:36:35,218 - MyLogger - DEBUG - '銘柄' のデータを取得しました。値: 大石産業
2025-04-26 19:36:35,218 - MyLogger - DEBUG - カラム '口座区分' の設定が見つかりません。
2025-04-26 19:36:35,219 - MyLogger - DEBUG - カラム '購入日' の設定が見つかりません。
2025-04-26 19:36:35,219 - MyLogger - DEBUG - カラム '権利確定月' の設定が見つかりません。
2025-04-26 19:36:35,219 - MyLogger - DEBUG - カラム '買値(円)' の設定が見つかりません。
2025-04-26 19:36:35,219 - MyLogger - DEBUG - カラム '持ち株数' の設定が見つかりません。
2025-04-26 19:36:35,220 - MyLogger - DEBUG - カラム '株価(円)' をスキップします。
2025-04-26 19:36:35,220 - MyLogger - DEBUG - カラム '利回り' の設定が見つかりません。
2025-04-26 19:36:35,220 - MyLogger - DEBUG - カラム '売買損益(円)' の設定が見つかりません。
2025-04-26 19:36:35,220 - MyLogger - DEBUG - カラム '1株配当金' の設定が見つかりません。
2025-04-26 19:36:35,220 - MyLogger - DEBUG - カラム '年間配当金' の設定が見つかりません。
2025-04-26 19:36:35,220 - MyLogger - DEBUG - カラム '株主優待' の設定が見つかりません。
2025-04-26 19:36:35,220 - MyLogger - DEBUG - カラム '時価総額(億円)' の設定が見つかりません。
2025-04-26 19:36:35,239 - MyLogger - DEBUG - '8097' のレコードを取得中...
2025-04-26 19:36:35,240 - MyLogger - DEBUG - カラム '保有' の設定が見つかりません。
2025-04-26 19:36:35,240 - MyLogger - DEBUG - カラム '銘柄コード' の設定が見つかりません。
2025-04-26 19:36:35,416 - MyLogger - DEBUG - '銘柄' のデータを取得しました。値: 三愛オブリ
2025-04-26 19:36:35,416 - MyLogger - DEBUG - カラム '口座区分' の設定が見つかりません。
2025-04-26 19:36:35,417 - MyLogger - DEBUG - カラム '購入日' の設定が見つかりません。
2025-04-26 19:36:35,417 - MyLogger - DEBUG - カラム '権利確定月' の設定が見つかりません。
2025-04-26 19:36:35,417 - MyLogger - DEBUG - カラム '買値(円)' の設定が見つかりません。
2025-04-26 19:36:35,417 - MyLogger - DEBUG - カラム '持ち株数' の設定が見つかりません。
2025-04-26 19:36:35,417 - MyLogger - DEBUG - カラム '株価(円)' をスキップします。
2025-04-26 19:36:35,417 - MyLogger - DEBUG - カラム '利回り' の設定が見つかりません。
2025-04-26 19:36:35,417 - MyLogger - DEBUG - カラム '売買損益(円)' の設定が見つかりません。
2025-04-26 19:36:35,418 - MyLogger - DEBUG - カラム '1株配当金' の設定が見つかりません。
2025-04-26 19:36:35,418 - MyLogger - DEBUG - カラム '年間配当金' の設定が見つかりません。
2025-04-26 19:36:35,418 - MyLogger - DEBUG - カラム '株主優待' の設定が見つかりません。
2025-04-26 19:36:35,418 - MyLogger - DEBUG - カラム '時価総額(億円)' の設定が見つかりません。
2025-04-26 19:36:35,433 - MyLogger - DEBUG - '3431' のレコードを取得中...
2025-04-26 19:36:35,433 - MyLogger - DEBUG - カラム '保有' の設定が見つかりません。
2025-04-26 19:36:35,433 - MyLogger - DEBUG - カラム '銘柄コード' の設定が見つかりません。
2025-04-26 19:36:35,580 - MyLogger - DEBUG - '銘柄' のデータを取得しました。値: 宮地エンジ
2025-04-26 19:36:35,580 - MyLogger - DEBUG - カラム '口座区分' の設定が見つかりません。
2025-04-26 19:36:35,580 - MyLogger - DEBUG - カラム '購入日' の設定が見つかりません。
2025-04-26 19:36:35,581 - MyLogger - DEBUG - カラム '権利確定月' の設定が見つかりません。
2025-04-26 19:36:35,581 - MyLogger - DEBUG - カラム '買値(円)' の設定が見つかりません。
2025-04-26 19:36:35,581 - MyLogger - DEBUG - カラム '持ち株数' の設定が見つかりません。
2025-04-26 19:36:35,581 - MyLogger - DEBUG - カラム '株価(円)' をスキップします。
2025-04-26 19:36:35,581 - MyLogger - DEBUG - カラム '利回り' の設定が見つかりません。
2025-04-26 19:36:35,581 - MyLogger - DEBUG - カラム '売買損益(円)' の設定が見つかりません。
2025-04-26 19:36:35,581 - MyLogger - DEBUG - カラム '1株配当金' の設定が見つかりません。
2025-04-26 19:36:35,582 - MyLogger - DEBUG - カラム '年間配当金' の設定が見つかりません。
2025-04-26 19:36:35,582 - MyLogger - DEBUG - カラム '株主優待' の設定が見つかりません。
2025-04-26 19:36:35,582 - MyLogger - DEBUG - カラム '時価総額(億円)' の設定が見つかりません。
2025-04-26 19:36:35,600 - MyLogger - DEBUG - '8917' のレコードを取得中...
2025-04-26 19:36:35,600 - MyLogger - DEBUG - カラム '保有' の設定が見つかりません。
2025-04-26 19:36:35,600 - MyLogger - DEBUG - カラム '銘柄コード' の設定が見つかりません。
2025-04-26 19:36:35,776 - MyLogger - DEBUG - '銘柄' のデータを取得しました。値: ファースト住建
2025-04-26 19:36:35,777 - MyLogger - DEBUG - カラム '口座区分' の設定が見つかりません。
2025-04-26 19:36:35,777 - MyLogger - DEBUG - カラム '購入日' の設定が見つかりません。
2025-04-26 19:36:35,778 - MyLogger - DEBUG - カラム '権利確定月' の設定が見つかりません。
2025-04-26 19:36:35,778 - MyLogger - DEBUG - カラム '買値(円)' の設定が見つかりません。
2025-04-26 19:36:35,778 - MyLogger - DEBUG - カラム '持ち株数' の設定が見つかりません。
2025-04-26 19:36:35,778 - MyLogger - DEBUG - カラム '株価(円)' をスキップします。
2025-04-26 19:36:35,778 - MyLogger - DEBUG - カラム '利回り' の設定が見つかりません。
2025-04-26 19:36:35,779 - MyLogger - DEBUG - カラム '売買損益(円)' の設定が見つかりません。
2025-04-26 19:36:35,779 - MyLogger - DEBUG - カラム '1株配当金' の設定が見つかりません。
2025-04-26 19:36:35,779 - MyLogger - DEBUG - カラム '年間配当金' の設定が見つかりません。
2025-04-26 19:36:35,779 - MyLogger - DEBUG - カラム '株主優待' の設定が見つかりません。
2025-04-26 19:36:35,780 - MyLogger - DEBUG - カラム '時価総額(億円)' の設定が見つかりません。
2025-04-26 19:36:35,799 - MyLogger - DEBUG - '3141' のレコードを取得中...
2025-04-26 19:36:35,800 - MyLogger - DEBUG - カラム '保有' の設定が見つかりません。
2025-04-26 19:36:35,800 - MyLogger - DEBUG - カラム '銘柄コード' の設定が見つかりません。
2025-04-26 19:36:35,965 - MyLogger - DEBUG - '銘柄' のデータを取得しました。値: ウエルシア
2025-04-26 19:36:35,965 - MyLogger - DEBUG - カラム '口座区分' の設定が見つかりません。
2025-04-26 19:36:35,966 - MyLogger - DEBUG - カラム '購入日' の設定が見つかりません。
2025-04-26 19:36:35,966 - MyLogger - DEBUG - カラム '権利確定月' の設定が見つかりません。
2025-04-26 19:36:35,966 - MyLogger - DEBUG - カラム '買値(円)' の設定が見つかりません。
2025-04-26 19:36:35,966 - MyLogger - DEBUG - カラム '持ち株数' の設定が見つかりません。
2025-04-26 19:36:35,966 - MyLogger - DEBUG - カラム '株価(円)' をスキップします。
2025-04-26 19:36:35,967 - MyLogger - DEBUG - カラム '利回り' の設定が見つかりません。
2025-04-26 19:36:35,967 - MyLogger - DEBUG - カラム '売買損益(円)' の設定が見つかりません。
2025-04-26 19:36:35,967 - MyLogger - DEBUG - カラム '1株配当金' の設定が見つかりません。
2025-04-26 19:36:35,967 - MyLogger - DEBUG - カラム '年間配当金' の設定が見つかりません。
2025-04-26 19:36:35,967 - MyLogger - DEBUG - カラム '株主優待' の設定が見つかりません。
2025-04-26 19:36:35,967 - MyLogger - DEBUG - カラム '時価総額(億円)' の設定が見つかりません。
2025-04-26 19:36:35,980 - MyLogger - DEBUG - '2935' のレコードを取得中...
2025-04-26 19:36:35,981 - MyLogger - DEBUG - カラム '保有' の設定が見つかりません。
2025-04-26 19:36:35,981 - MyLogger - DEBUG - カラム '銘柄コード' の設定が見つかりません。
2025-04-26 19:36:36,151 - MyLogger - DEBUG - '銘柄' のデータを取得しました。値: ピックルス
2025-04-26 19:36:36,152 - MyLogger - DEBUG - カラム '口座区分' の設定が見つかりません。
2025-04-26 19:36:36,153 - MyLogger - DEBUG - カラム '購入日' の設定が見つかりません。
2025-04-26 19:36:36,153 - MyLogger - DEBUG - カラム '権利確定月' の設定が見つかりません。
2025-04-26 19:36:36,153 - MyLogger - DEBUG - カラム '買値(円)' の設定が見つかりません。
2025-04-26 19:36:36,153 - MyLogger - DEBUG - カラム '持ち株数' の設定が見つかりません。
2025-04-26 19:36:36,153 - MyLogger - DEBUG - カラム '株価(円)' をスキップします。
2025-04-26 19:36:36,153 - MyLogger - DEBUG - カラム '利回り' の設定が見つかりません。
2025-04-26 19:36:36,153 - MyLogger - DEBUG - カラム '売買損益(円)' の設定が見つかりません。
2025-04-26 19:36:36,154 - MyLogger - DEBUG - カラム '1株配当金' の設定が見つかりません。
2025-04-26 19:36:36,154 - MyLogger - DEBUG - カラム '年間配当金' の設定が見つかりません。
2025-04-26 19:36:36,154 - MyLogger - DEBUG - カラム '株主優待' の設定が見つかりません。
2025-04-26 19:36:36,154 - MyLogger - DEBUG - カラム '時価総額(億円)' の設定が見つかりません。
2025-04-26 19:36:36,166 - MyLogger - DEBUG - '3461' のレコードを取得中...
2025-04-26 19:36:36,167 - MyLogger - DEBUG - カラム '保有' の設定が見つかりません。
2025-04-26 19:36:36,167 - MyLogger - DEBUG - カラム '銘柄コード' の設定が見つかりません。
2025-04-26 19:36:36,320 - MyLogger - DEBUG - '銘柄' のデータを取得しました。値: パルマ
2025-04-26 19:36:36,321 - MyLogger - DEBUG - カラム '口座区分' の設定が見つかりません。
2025-04-26 19:36:36,321 - MyLogger - DEBUG - カラム '購入日' の設定が見つかりません。
2025-04-26 19:36:36,321 - MyLogger - DEBUG - カラム '権利確定月' の設定が見つかりません。
2025-04-26 19:36:36,321 - MyLogger - DEBUG - カラム '買値(円)' の設定が見つかりません。
2025-04-26 19:36:36,321 - MyLogger - DEBUG - カラム '持ち株数' の設定が見つかりません。
2025-04-26 19:36:36,321 - MyLogger - DEBUG - カラム '株価(円)' をスキップします。
2025-04-26 19:36:36,321 - MyLogger - DEBUG - カラム '利回り' の設定が見つかりません。
2025-04-26 19:36:36,322 - MyLogger - DEBUG - カラム '売買損益(円)' の設定が見つかりません。
2025-04-26 19:36:36,322 - MyLogger - DEBUG - カラム '1株配当金' の設定が見つかりません。
2025-04-26 19:36:36,322 - MyLogger - DEBUG - カラム '年間配当金' の設定が見つかりません。
2025-04-26 19:36:36,322 - MyLogger - DEBUG - カラム '株主優待' の設定が見つかりません。
2025-04-26 19:36:36,322 - MyLogger - DEBUG - カラム '時価総額(億円)' の設定が見つかりません。
2025-04-26 19:36:36,335 - MyLogger - DEBUG - '3183' のレコードを取得中...
2025-04-26 19:36:36,336 - MyLogger - DEBUG - カラム '保有' の設定が見つかりません。
2025-04-26 19:36:36,336 - MyLogger - DEBUG - カラム '銘柄コード' の設定が見つかりません。
2025-04-26 19:36:36,508 - MyLogger - DEBUG - '銘柄' のデータを取得しました。値: ウイン・パートナーズ
2025-04-26 19:36:36,508 - MyLogger - DEBUG - カラム '口座区分' の設定が見つかりません。
2025-04-26 19:36:36,509 - MyLogger - DEBUG - カラム '購入日' の設定が見つかりません。
2025-04-26 19:36:36,509 - MyLogger - DEBUG - カラム '権利確定月' の設定が見つかりません。
2025-04-26 19:36:36,509 - MyLogger - DEBUG - カラム '買値(円)' の設定が見つかりません。
2025-04-26 19:36:36,509 - MyLogger - DEBUG - カラム '持ち株数' の設定が見つかりません。
2025-04-26 19:36:36,509 - MyLogger - DEBUG - カラム '株価(円)' をスキップします。
2025-04-26 19:36:36,509 - MyLogger - DEBUG - カラム '利回り' の設定が見つかりません。
2025-04-26 19:36:36,509 - MyLogger - DEBUG - カラム '売買損益(円)' の設定が見つかりません。
2025-04-26 19:36:36,510 - MyLogger - DEBUG - カラム '1株配当金' の設定が見つかりません。
2025-04-26 19:36:36,510 - MyLogger - DEBUG - カラム '年間配当金' の設定が見つかりません。
2025-04-26 19:36:36,510 - MyLogger - DEBUG - カラム '株主優待' の設定が見つかりません。
2025-04-26 19:36:36,510 - MyLogger - DEBUG - カラム '時価総額(億円)' の設定が見つかりません。
2025-04-26 19:36:36,526 - MyLogger - DEBUG - '8387' のレコードを取得中...
2025-04-26 19:36:36,527 - MyLogger - DEBUG - カラム '保有' の設定が見つかりません。
2025-04-26 19:36:36,527 - MyLogger - DEBUG - カラム '銘柄コード' の設定が見つかりません。
2025-04-26 19:36:36,693 - MyLogger - DEBUG - '銘柄' のデータを取得しました。値: 四国銀行
2025-04-26 19:36:36,694 - MyLogger - DEBUG - カラム '口座区分' の設定が見つかりません。
2025-04-26 19:36:36,694 - MyLogger - DEBUG - カラム '購入日' の設定が見つかりません。
2025-04-26 19:36:36,694 - MyLogger - DEBUG - カラム '権利確定月' の設定が見つかりません。
2025-04-26 19:36:36,694 - MyLogger - DEBUG - カラム '買値(円)' の設定が見つかりません。
2025-04-26 19:36:36,694 - MyLogger - DEBUG - カラム '持ち株数' の設定が見つかりません。
2025-04-26 19:36:36,694 - MyLogger - DEBUG - カラム '株価(円)' をスキップします。
2025-04-26 19:36:36,694 - MyLogger - DEBUG - カラム '利回り' の設定が見つかりません。
2025-04-26 19:36:36,695 - MyLogger - DEBUG - カラム '売買損益(円)' の設定が見つかりません。
2025-04-26 19:36:36,695 - MyLogger - DEBUG - カラム '1株配当金' の設定が見つかりません。
2025-04-26 19:36:36,695 - MyLogger - DEBUG - カラム '年間配当金' の設定が見つかりません。
2025-04-26 19:36:36,695 - MyLogger - DEBUG - カラム '株主優待' の設定が見つかりません。
2025-04-26 19:36:36,695 - MyLogger - DEBUG - カラム '時価総額(億円)' の設定が見つかりません。
2025-04-26 19:36:36,707 - MyLogger - DEBUG - '8593' のレコードを取得中...
2025-04-26 19:36:36,707 - MyLogger - DEBUG - カラム '保有' の設定が見つかりません。
2025-04-26 19:36:36,707 - MyLogger - DEBUG - カラム '銘柄コード' の設定が見つかりません。
2025-04-26 19:36:36,843 - MyLogger - DEBUG - '銘柄' のデータを取得しました。値: 三菱ＨＣキャピタル
2025-04-26 19:36:36,844 - MyLogger - DEBUG - カラム '口座区分' の設定が見つかりません。
2025-04-26 19:36:36,844 - MyLogger - DEBUG - カラム '購入日' の設定が見つかりません。
2025-04-26 19:36:36,844 - MyLogger - DEBUG - カラム '権利確定月' の設定が見つかりません。
2025-04-26 19:36:36,844 - MyLogger - DEBUG - カラム '買値(円)' の設定が見つかりません。
2025-04-26 19:36:36,844 - MyLogger - DEBUG - カラム '持ち株数' の設定が見つかりません。
2025-04-26 19:36:36,844 - MyLogger - DEBUG - カラム '株価(円)' をスキップします。
2025-04-26 19:36:36,844 - MyLogger - DEBUG - カラム '利回り' の設定が見つかりません。
2025-04-26 19:36:36,844 - MyLogger - DEBUG - カラム '売買損益(円)' の設定が見つかりません。
2025-04-26 19:36:36,844 - MyLogger - DEBUG - カラム '1株配当金' の設定が見つかりません。
2025-04-26 19:36:36,845 - MyLogger - DEBUG - カラム '年間配当金' の設定が見つかりません。
2025-04-26 19:36:36,845 - MyLogger - DEBUG - カラム '株主優待' の設定が見つかりません。
2025-04-26 19:36:36,845 - MyLogger - DEBUG - カラム '時価総額(億円)' の設定が見つかりません。
2025-04-26 19:36:36,857 - MyLogger - DEBUG - '9219' のレコードを取得中...
2025-04-26 19:36:36,857 - MyLogger - DEBUG - カラム '保有' の設定が見つかりません。
2025-04-26 19:36:36,857 - MyLogger - DEBUG - カラム '銘柄コード' の設定が見つかりません。
2025-04-26 19:36:36,993 - MyLogger - DEBUG - '銘柄' のデータを取得しました。値: ギックス
2025-04-26 19:36:36,993 - MyLogger - DEBUG - カラム '口座区分' の設定が見つかりません。
2025-04-26 19:36:36,994 - MyLogger - DEBUG - カラム '購入日' の設定が見つかりません。
2025-04-26 19:36:36,994 - MyLogger - DEBUG - カラム '権利確定月' の設定が見つかりません。
2025-04-26 19:36:36,994 - MyLogger - DEBUG - カラム '買値(円)' の設定が見つかりません。
2025-04-26 19:36:36,994 - MyLogger - DEBUG - カラム '持ち株数' の設定が見つかりません。
2025-04-26 19:36:36,994 - MyLogger - DEBUG - カラム '株価(円)' をスキップします。
2025-04-26 19:36:36,994 - MyLogger - DEBUG - カラム '利回り' の設定が見つかりません。
2025-04-26 19:36:36,994 - MyLogger - DEBUG - カラム '売買損益(円)' の設定が見つかりません。
2025-04-26 19:36:36,994 - MyLogger - DEBUG - カラム '1株配当金' の設定が見つかりません。
2025-04-26 19:36:36,995 - MyLogger - DEBUG - カラム '年間配当金' の設定が見つかりません。
2025-04-26 19:36:36,995 - MyLogger - DEBUG - カラム '株主優待' の設定が見つかりません。
2025-04-26 19:36:36,995 - MyLogger - DEBUG - カラム '時価総額(億円)' の設定が見つかりません。
2025-04-26 19:36:37,010 - MyLogger - DEBUG - '1419' のレコードを取得中...
2025-04-26 19:36:37,010 - MyLogger - DEBUG - カラム '保有' の設定が見つかりません。
2025-04-26 19:36:37,010 - MyLogger - DEBUG - カラム '銘柄コード' の設定が見つかりません。
2025-04-26 19:36:37,187 - MyLogger - DEBUG - '銘柄' のデータを取得しました。値: タマホーム
2025-04-26 19:36:37,187 - MyLogger - DEBUG - カラム '口座区分' の設定が見つかりません。
2025-04-26 19:36:37,188 - MyLogger - DEBUG - カラム '購入日' の設定が見つかりません。
2025-04-26 19:36:37,188 - MyLogger - DEBUG - カラム '権利確定月' の設定が見つかりません。
2025-04-26 19:36:37,188 - MyLogger - DEBUG - カラム '買値(円)' の設定が見つかりません。
2025-04-26 19:36:37,188 - MyLogger - DEBUG - カラム '持ち株数' の設定が見つかりません。
2025-04-26 19:36:37,189 - MyLogger - DEBUG - カラム '株価(円)' をスキップします。
2025-04-26 19:36:37,189 - MyLogger - DEBUG - カラム '利回り' の設定が見つかりません。
2025-04-26 19:36:37,189 - MyLogger - DEBUG - カラム '売買損益(円)' の設定が見つかりません。
2025-04-26 19:36:37,189 - MyLogger - DEBUG - カラム '1株配当金' の設定が見つかりません。
2025-04-26 19:36:37,189 - MyLogger - DEBUG - カラム '年間配当金' の設定が見つかりません。
2025-04-26 19:36:37,189 - MyLogger - DEBUG - カラム '株主優待' の設定が見つかりません。
2025-04-26 19:36:37,190 - MyLogger - DEBUG - カラム '時価総額(億円)' の設定が見つかりません。
2025-04-26 19:36:37,209 - MyLogger - DEBUG - '7164' のレコードを取得中...
2025-04-26 19:36:37,210 - MyLogger - DEBUG - カラム '保有' の設定が見つかりません。
2025-04-26 19:36:37,210 - MyLogger - DEBUG - カラム '銘柄コード' の設定が見つかりません。
2025-04-26 19:36:37,376 - MyLogger - DEBUG - '銘柄' のデータを取得しました。値: 全国保証
2025-04-26 19:36:37,377 - MyLogger - DEBUG - カラム '口座区分' の設定が見つかりません。
2025-04-26 19:36:37,377 - MyLogger - DEBUG - カラム '購入日' の設定が見つかりません。
2025-04-26 19:36:37,377 - MyLogger - DEBUG - カラム '権利確定月' の設定が見つかりません。
2025-04-26 19:36:37,377 - MyLogger - DEBUG - カラム '買値(円)' の設定が見つかりません。
2025-04-26 19:36:37,377 - MyLogger - DEBUG - カラム '持ち株数' の設定が見つかりません。
2025-04-26 19:36:37,377 - MyLogger - DEBUG - カラム '株価(円)' をスキップします。
2025-04-26 19:36:37,378 - MyLogger - DEBUG - カラム '利回り' の設定が見つかりません。
2025-04-26 19:36:37,378 - MyLogger - DEBUG - カラム '売買損益(円)' の設定が見つかりません。
2025-04-26 19:36:37,378 - MyLogger - DEBUG - カラム '1株配当金' の設定が見つかりません。
2025-04-26 19:36:37,378 - MyLogger - DEBUG - カラム '年間配当金' の設定が見つかりません。
2025-04-26 19:36:37,378 - MyLogger - DEBUG - カラム '株主優待' の設定が見つかりません。
2025-04-26 19:36:37,379 - MyLogger - DEBUG - カラム '時価総額(億円)' の設定が見つかりません。
2025-04-26 19:36:37,395 - MyLogger - DEBUG - '3289' のレコードを取得中...
2025-04-26 19:36:37,395 - MyLogger - DEBUG - カラム '保有' の設定が見つかりません。
2025-04-26 19:36:37,395 - MyLogger - DEBUG - カラム '銘柄コード' の設定が見つかりません。
2025-04-26 19:36:37,541 - MyLogger - DEBUG - '銘柄' のデータを取得しました。値: 東急不ＨＤ
2025-04-26 19:36:37,542 - MyLogger - DEBUG - カラム '口座区分' の設定が見つかりません。
2025-04-26 19:36:37,542 - MyLogger - DEBUG - カラム '購入日' の設定が見つかりません。
2025-04-26 19:36:37,543 - MyLogger - DEBUG - カラム '権利確定月' の設定が見つかりません。
2025-04-26 19:36:37,543 - MyLogger - DEBUG - カラム '買値(円)' の設定が見つかりません。
2025-04-26 19:36:37,543 - MyLogger - DEBUG - カラム '持ち株数' の設定が見つかりません。
2025-04-26 19:36:37,543 - MyLogger - DEBUG - カラム '株価(円)' をスキップします。
2025-04-26 19:36:37,543 - MyLogger - DEBUG - カラム '利回り' の設定が見つかりません。
2025-04-26 19:36:37,544 - MyLogger - DEBUG - カラム '売買損益(円)' の設定が見つかりません。
2025-04-26 19:36:37,544 - MyLogger - DEBUG - カラム '1株配当金' の設定が見つかりません。
2025-04-26 19:36:37,544 - MyLogger - DEBUG - カラム '年間配当金' の設定が見つかりません。
2025-04-26 19:36:37,544 - MyLogger - DEBUG - カラム '株主優待' の設定が見つかりません。
2025-04-26 19:36:37,544 - MyLogger - DEBUG - カラム '時価総額(億円)' の設定が見つかりません。
2025-04-26 19:36:37,564 - MyLogger - DEBUG - '3479' のレコードを取得中...
2025-04-26 19:36:37,565 - MyLogger - DEBUG - カラム '保有' の設定が見つかりません。
2025-04-26 19:36:37,565 - MyLogger - DEBUG - カラム '銘柄コード' の設定が見つかりません。
2025-04-26 19:36:37,721 - MyLogger - DEBUG - '銘柄' のデータを取得しました。値: ティーケーピー
2025-04-26 19:36:37,721 - MyLogger - DEBUG - カラム '口座区分' の設定が見つかりません。
2025-04-26 19:36:37,722 - MyLogger - DEBUG - カラム '購入日' の設定が見つかりません。
2025-04-26 19:36:37,722 - MyLogger - DEBUG - カラム '権利確定月' の設定が見つかりません。
2025-04-26 19:36:37,722 - MyLogger - DEBUG - カラム '買値(円)' の設定が見つかりません。
2025-04-26 19:36:37,722 - MyLogger - DEBUG - カラム '持ち株数' の設定が見つかりません。
2025-04-26 19:36:37,722 - MyLogger - DEBUG - カラム '株価(円)' をスキップします。
2025-04-26 19:36:37,722 - MyLogger - DEBUG - カラム '利回り' の設定が見つかりません。
2025-04-26 19:36:37,722 - MyLogger - DEBUG - カラム '売買損益(円)' の設定が見つかりません。
2025-04-26 19:36:37,722 - MyLogger - DEBUG - カラム '1株配当金' の設定が見つかりません。
2025-04-26 19:36:37,722 - MyLogger - DEBUG - カラム '年間配当金' の設定が見つかりません。
2025-04-26 19:36:37,722 - MyLogger - DEBUG - カラム '株主優待' の設定が見つかりません。
2025-04-26 19:36:37,723 - MyLogger - DEBUG - カラム '時価総額(億円)' の設定が見つかりません。
2025-04-26 19:36:37,736 - MyLogger - DEBUG - '166A' のレコードを取得中...
2025-04-26 19:36:37,737 - MyLogger - DEBUG - カラム '保有' の設定が見つかりません。
2025-04-26 19:36:37,737 - MyLogger - DEBUG - カラム '銘柄コード' の設定が見つかりません。
2025-04-26 19:36:37,892 - MyLogger - DEBUG - '銘柄' のデータを取得しました。値: タスキホールディングス
2025-04-26 19:36:37,892 - MyLogger - DEBUG - カラム '口座区分' の設定が見つかりません。
2025-04-26 19:36:37,892 - MyLogger - DEBUG - カラム '購入日' の設定が見つかりません。
2025-04-26 19:36:37,892 - MyLogger - DEBUG - カラム '権利確定月' の設定が見つかりません。
2025-04-26 19:36:37,892 - MyLogger - DEBUG - カラム '買値(円)' の設定が見つかりません。
2025-04-26 19:36:37,892 - MyLogger - DEBUG - カラム '持ち株数' の設定が見つかりません。
2025-04-26 19:36:37,893 - MyLogger - DEBUG - カラム '株価(円)' をスキップします。
2025-04-26 19:36:37,893 - MyLogger - DEBUG - カラム '利回り' の設定が見つかりません。
2025-04-26 19:36:37,893 - MyLogger - DEBUG - カラム '売買損益(円)' の設定が見つかりません。
2025-04-26 19:36:37,893 - MyLogger - DEBUG - カラム '1株配当金' の設定が見つかりません。
2025-04-26 19:36:37,893 - MyLogger - DEBUG - カラム '年間配当金' の設定が見つかりません。
2025-04-26 19:36:37,893 - MyLogger - DEBUG - カラム '株主優待' の設定が見つかりません。
2025-04-26 19:36:37,893 - MyLogger - DEBUG - カラム '時価総額(億円)' の設定が見つかりません。
2025-04-26 19:36:37,906 - MyLogger - DEBUG - '3222' のレコードを取得中...
2025-04-26 19:36:37,906 - MyLogger - DEBUG - カラム '保有' の設定が見つかりません。
2025-04-26 19:36:37,906 - MyLogger - DEBUG - カラム '銘柄コード' の設定が見つかりません。
2025-04-26 19:36:38,301 - MyLogger - DEBUG - '銘柄' のデータを取得しました。値: ＵＳＭＨ
2025-04-26 19:36:38,301 - MyLogger - DEBUG - カラム '口座区分' の設定が見つかりません。
2025-04-26 19:36:38,302 - MyLogger - DEBUG - カラム '購入日' の設定が見つかりません。
2025-04-26 19:36:38,302 - MyLogger - DEBUG - カラム '権利確定月' の設定が見つかりません。
2025-04-26 19:36:38,302 - MyLogger - DEBUG - カラム '買値(円)' の設定が見つかりません。
2025-04-26 19:36:38,302 - MyLogger - DEBUG - カラム '持ち株数' の設定が見つかりません。
2025-04-26 19:36:38,302 - MyLogger - DEBUG - カラム '株価(円)' をスキップします。
2025-04-26 19:36:38,302 - MyLogger - DEBUG - カラム '利回り' の設定が見つかりません。
2025-04-26 19:36:38,302 - MyLogger - DEBUG - カラム '売買損益(円)' の設定が見つかりません。
2025-04-26 19:36:38,302 - MyLogger - DEBUG - カラム '1株配当金' の設定が見つかりません。
2025-04-26 19:36:38,302 - MyLogger - DEBUG - カラム '年間配当金' の設定が見つかりません。
2025-04-26 19:36:38,303 - MyLogger - DEBUG - カラム '株主優待' の設定が見つかりません。
2025-04-26 19:36:38,303 - MyLogger - DEBUG - カラム '時価総額(億円)' の設定が見つかりません。
2025-04-26 19:36:38,315 - MyLogger - DEBUG - '2752' のレコードを取得中...
2025-04-26 19:36:38,315 - MyLogger - DEBUG - カラム '保有' の設定が見つかりません。
2025-04-26 19:36:38,315 - MyLogger - DEBUG - カラム '銘柄コード' の設定が見つかりません。
2025-04-26 19:36:38,493 - MyLogger - DEBUG - '銘柄' のデータを取得しました。値: フジオフード
2025-04-26 19:36:38,494 - MyLogger - DEBUG - カラム '口座区分' の設定が見つかりません。
2025-04-26 19:36:38,494 - MyLogger - DEBUG - カラム '購入日' の設定が見つかりません。
2025-04-26 19:36:38,494 - MyLogger - DEBUG - カラム '権利確定月' の設定が見つかりません。
2025-04-26 19:36:38,494 - MyLogger - DEBUG - カラム '買値(円)' の設定が見つかりません。
2025-04-26 19:36:38,494 - MyLogger - DEBUG - カラム '持ち株数' の設定が見つかりません。
2025-04-26 19:36:38,494 - MyLogger - DEBUG - カラム '株価(円)' をスキップします。
2025-04-26 19:36:38,494 - MyLogger - DEBUG - カラム '利回り' の設定が見つかりません。
2025-04-26 19:36:38,494 - MyLogger - DEBUG - カラム '売買損益(円)' の設定が見つかりません。
2025-04-26 19:36:38,495 - MyLogger - DEBUG - カラム '1株配当金' の設定が見つかりません。
2025-04-26 19:36:38,495 - MyLogger - DEBUG - カラム '年間配当金' の設定が見つかりません。
2025-04-26 19:36:38,495 - MyLogger - DEBUG - カラム '株主優待' の設定が見つかりません。
2025-04-26 19:36:38,495 - MyLogger - DEBUG - カラム '時価総額(億円)' の設定が見つかりません。
2025-04-26 19:36:38,508 - MyLogger - DEBUG - '2503' のレコードを取得中...
2025-04-26 19:36:38,508 - MyLogger - DEBUG - カラム '保有' の設定が見つかりません。
2025-04-26 19:36:38,509 - MyLogger - DEBUG - カラム '銘柄コード' の設定が見つかりません。
2025-04-26 19:36:38,737 - MyLogger - DEBUG - '銘柄' のデータを取得しました。値: キリンホールディングス
2025-04-26 19:36:38,737 - MyLogger - DEBUG - カラム '口座区分' の設定が見つかりません。
2025-04-26 19:36:38,737 - MyLogger - DEBUG - カラム '購入日' の設定が見つかりません。
2025-04-26 19:36:38,737 - MyLogger - DEBUG - カラム '権利確定月' の設定が見つかりません。
2025-04-26 19:36:38,737 - MyLogger - DEBUG - カラム '買値(円)' の設定が見つかりません。
2025-04-26 19:36:38,737 - MyLogger - DEBUG - カラム '持ち株数' の設定が見つかりません。
2025-04-26 19:36:38,738 - MyLogger - DEBUG - カラム '株価(円)' をスキップします。
2025-04-26 19:36:38,738 - MyLogger - DEBUG - カラム '利回り' の設定が見つかりません。
2025-04-26 19:36:38,738 - MyLogger - DEBUG - カラム '売買損益(円)' の設定が見つかりません。
2025-04-26 19:36:38,738 - MyLogger - DEBUG - カラム '1株配当金' の設定が見つかりません。
2025-04-26 19:36:38,738 - MyLogger - DEBUG - カラム '年間配当金' の設定が見つかりません。
2025-04-26 19:36:38,738 - MyLogger - DEBUG - カラム '株主優待' の設定が見つかりません。
2025-04-26 19:36:38,738 - MyLogger - DEBUG - カラム '時価総額(億円)' の設定が見つかりません。
2025-04-26 19:36:38,752 - MyLogger - DEBUG - '1605' のレコードを取得中...
2025-04-26 19:36:38,752 - MyLogger - DEBUG - カラム '保有' の設定が見つかりません。
2025-04-26 19:36:38,752 - MyLogger - DEBUG - カラム '銘柄コード' の設定が見つかりません。
2025-04-26 19:36:38,925 - MyLogger - DEBUG - '銘柄' のデータを取得しました。値: ＩＮＰＥＸ
2025-04-26 19:36:38,925 - MyLogger - DEBUG - カラム '口座区分' の設定が見つかりません。
2025-04-26 19:36:38,926 - MyLogger - DEBUG - カラム '購入日' の設定が見つかりません。
2025-04-26 19:36:38,926 - MyLogger - DEBUG - カラム '権利確定月' の設定が見つかりません。
2025-04-26 19:36:38,926 - MyLogger - DEBUG - カラム '買値(円)' の設定が見つかりません。
2025-04-26 19:36:38,926 - MyLogger - DEBUG - カラム '持ち株数' の設定が見つかりません。
2025-04-26 19:36:38,926 - MyLogger - DEBUG - カラム '株価(円)' をスキップします。
2025-04-26 19:36:38,926 - MyLogger - DEBUG - カラム '利回り' の設定が見つかりません。
2025-04-26 19:36:38,927 - MyLogger - DEBUG - カラム '売買損益(円)' の設定が見つかりません。
2025-04-26 19:36:38,927 - MyLogger - DEBUG - カラム '1株配当金' の設定が見つかりません。
2025-04-26 19:36:38,927 - MyLogger - DEBUG - カラム '年間配当金' の設定が見つかりません。
2025-04-26 19:36:38,927 - MyLogger - DEBUG - カラム '株主優待' の設定が見つかりません。
2025-04-26 19:36:38,927 - MyLogger - DEBUG - カラム '時価総額(億円)' の設定が見つかりません。
2025-04-26 19:36:38,939 - MyLogger - DEBUG - '3387' のレコードを取得中...
2025-04-26 19:36:38,940 - MyLogger - DEBUG - カラム '保有' の設定が見つかりません。
2025-04-26 19:36:38,940 - MyLogger - DEBUG - カラム '銘柄コード' の設定が見つかりません。
2025-04-26 19:36:39,089 - MyLogger - DEBUG - '銘柄' のデータを取得しました。値: クリレスＨＤ
2025-04-26 19:36:39,090 - MyLogger - DEBUG - カラム '口座区分' の設定が見つかりません。
2025-04-26 19:36:39,090 - MyLogger - DEBUG - カラム '購入日' の設定が見つかりません。
2025-04-26 19:36:39,090 - MyLogger - DEBUG - カラム '権利確定月' の設定が見つかりません。
2025-04-26 19:36:39,090 - MyLogger - DEBUG - カラム '買値(円)' の設定が見つかりません。
2025-04-26 19:36:39,090 - MyLogger - DEBUG - カラム '持ち株数' の設定が見つかりません。
2025-04-26 19:36:39,090 - MyLogger - DEBUG - カラム '株価(円)' をスキップします。
2025-04-26 19:36:39,090 - MyLogger - DEBUG - カラム '利回り' の設定が見つかりません。
2025-04-26 19:36:39,090 - MyLogger - DEBUG - カラム '売買損益(円)' の設定が見つかりません。
2025-04-26 19:36:39,090 - MyLogger - DEBUG - カラム '1株配当金' の設定が見つかりません。
2025-04-26 19:36:39,091 - MyLogger - DEBUG - カラム '年間配当金' の設定が見つかりません。
2025-04-26 19:36:39,091 - MyLogger - DEBUG - カラム '株主優待' の設定が見つかりません。
2025-04-26 19:36:39,091 - MyLogger - DEBUG - カラム '時価総額(億円)' の設定が見つかりません。
2025-04-26 19:36:39,103 - MyLogger - DEBUG - '4487' のレコードを取得中...
2025-04-26 19:36:39,104 - MyLogger - DEBUG - カラム '保有' の設定が見つかりません。
2025-04-26 19:36:39,104 - MyLogger - DEBUG - カラム '銘柄コード' の設定が見つかりません。
2025-04-26 19:36:39,263 - MyLogger - DEBUG - '銘柄' のデータを取得しました。値: スペースマーケット
2025-04-26 19:36:39,264 - MyLogger - DEBUG - カラム '口座区分' の設定が見つかりません。
2025-04-26 19:36:39,264 - MyLogger - DEBUG - カラム '購入日' の設定が見つかりません。
2025-04-26 19:36:39,264 - MyLogger - DEBUG - カラム '権利確定月' の設定が見つかりません。
2025-04-26 19:36:39,264 - MyLogger - DEBUG - カラム '買値(円)' の設定が見つかりません。
2025-04-26 19:36:39,264 - MyLogger - DEBUG - カラム '持ち株数' の設定が見つかりません。
2025-04-26 19:36:39,264 - MyLogger - DEBUG - カラム '株価(円)' をスキップします。
2025-04-26 19:36:39,264 - MyLogger - DEBUG - カラム '利回り' の設定が見つかりません。
2025-04-26 19:36:39,264 - MyLogger - DEBUG - カラム '売買損益(円)' の設定が見つかりません。
2025-04-26 19:36:39,264 - MyLogger - DEBUG - カラム '1株配当金' の設定が見つかりません。
2025-04-26 19:36:39,264 - MyLogger - DEBUG - カラム '年間配当金' の設定が見つかりません。
2025-04-26 19:36:39,265 - MyLogger - DEBUG - カラム '株主優待' の設定が見つかりません。
2025-04-26 19:36:39,265 - MyLogger - DEBUG - カラム '時価総額(億円)' の設定が見つかりません。
2025-04-26 19:36:39,277 - MyLogger - DEBUG - '1377' のレコードを取得中...
2025-04-26 19:36:39,277 - MyLogger - DEBUG - カラム '保有' の設定が見つかりません。
2025-04-26 19:36:39,277 - MyLogger - DEBUG - カラム '銘柄コード' の設定が見つかりません。
2025-04-26 19:36:39,437 - MyLogger - DEBUG - '銘柄' のデータを取得しました。値: サカタのタネ
2025-04-26 19:36:39,437 - MyLogger - DEBUG - カラム '口座区分' の設定が見つかりません。
2025-04-26 19:36:39,438 - MyLogger - DEBUG - カラム '購入日' の設定が見つかりません。
2025-04-26 19:36:39,438 - MyLogger - DEBUG - カラム '権利確定月' の設定が見つかりません。
2025-04-26 19:36:39,438 - MyLogger - DEBUG - カラム '買値(円)' の設定が見つかりません。
2025-04-26 19:36:39,438 - MyLogger - DEBUG - カラム '持ち株数' の設定が見つかりません。
2025-04-26 19:36:39,438 - MyLogger - DEBUG - カラム '株価(円)' をスキップします。
2025-04-26 19:36:39,438 - MyLogger - DEBUG - カラム '利回り' の設定が見つかりません。
2025-04-26 19:36:39,438 - MyLogger - DEBUG - カラム '売買損益(円)' の設定が見つかりません。
2025-04-26 19:36:39,438 - MyLogger - DEBUG - カラム '1株配当金' の設定が見つかりません。
2025-04-26 19:36:39,438 - MyLogger - DEBUG - カラム '年間配当金' の設定が見つかりません。
2025-04-26 19:36:39,438 - MyLogger - DEBUG - カラム '株主優待' の設定が見つかりません。
2025-04-26 19:36:39,439 - MyLogger - DEBUG - カラム '時価総額(億円)' の設定が見つかりません。
2025-04-26 19:36:39,452 - MyLogger - DEBUG - '3548' のレコードを取得中...
2025-04-26 19:36:39,453 - MyLogger - DEBUG - カラム '保有' の設定が見つかりません。
2025-04-26 19:36:39,453 - MyLogger - DEBUG - カラム '銘柄コード' の設定が見つかりません。
2025-04-26 19:36:39,610 - MyLogger - DEBUG - '銘柄' のデータを取得しました。値: バロック
2025-04-26 19:36:39,610 - MyLogger - DEBUG - カラム '口座区分' の設定が見つかりません。
2025-04-26 19:36:39,611 - MyLogger - DEBUG - カラム '購入日' の設定が見つかりません。
2025-04-26 19:36:39,611 - MyLogger - DEBUG - カラム '権利確定月' の設定が見つかりません。
2025-04-26 19:36:39,611 - MyLogger - DEBUG - カラム '買値(円)' の設定が見つかりません。
2025-04-26 19:36:39,611 - MyLogger - DEBUG - カラム '持ち株数' の設定が見つかりません。
2025-04-26 19:36:39,612 - MyLogger - DEBUG - カラム '株価(円)' をスキップします。
2025-04-26 19:36:39,612 - MyLogger - DEBUG - カラム '利回り' の設定が見つかりません。
2025-04-26 19:36:39,612 - MyLogger - DEBUG - カラム '売買損益(円)' の設定が見つかりません。
2025-04-26 19:36:39,612 - MyLogger - DEBUG - カラム '1株配当金' の設定が見つかりません。
2025-04-26 19:36:39,612 - MyLogger - DEBUG - カラム '年間配当金' の設定が見つかりません。
2025-04-26 19:36:39,612 - MyLogger - DEBUG - カラム '株主優待' の設定が見つかりません。
2025-04-26 19:36:39,613 - MyLogger - DEBUG - カラム '時価総額(億円)' の設定が見つかりません。
2025-04-26 19:36:39,631 - MyLogger - DEBUG - '2914' のレコードを取得中...
2025-04-26 19:36:39,632 - MyLogger - DEBUG - カラム '保有' の設定が見つかりません。
2025-04-26 19:36:39,632 - MyLogger - DEBUG - カラム '銘柄コード' の設定が見つかりません。
2025-04-26 19:36:39,773 - MyLogger - DEBUG - '銘柄' のデータを取得しました。値: ＪＴ
2025-04-26 19:36:39,774 - MyLogger - DEBUG - カラム '口座区分' の設定が見つかりません。
2025-04-26 19:36:39,774 - MyLogger - DEBUG - カラム '購入日' の設定が見つかりません。
2025-04-26 19:36:39,775 - MyLogger - DEBUG - カラム '権利確定月' の設定が見つかりません。
2025-04-26 19:36:39,775 - MyLogger - DEBUG - カラム '買値(円)' の設定が見つかりません。
2025-04-26 19:36:39,775 - MyLogger - DEBUG - カラム '持ち株数' の設定が見つかりません。
2025-04-26 19:36:39,775 - MyLogger - DEBUG - カラム '株価(円)' をスキップします。
2025-04-26 19:36:39,776 - MyLogger - DEBUG - カラム '利回り' の設定が見つかりません。
2025-04-26 19:36:39,776 - MyLogger - DEBUG - カラム '売買損益(円)' の設定が見つかりません。
2025-04-26 19:36:39,776 - MyLogger - DEBUG - カラム '1株配当金' の設定が見つかりません。
2025-04-26 19:36:39,776 - MyLogger - DEBUG - カラム '年間配当金' の設定が見つかりません。
2025-04-26 19:36:39,776 - MyLogger - DEBUG - カラム '株主優待' の設定が見つかりません。
2025-04-26 19:36:39,777 - MyLogger - DEBUG - カラム '時価総額(億円)' の設定が見つかりません。
2025-04-26 19:36:39,797 - MyLogger - DEBUG - '8306' のレコードを取得中...
2025-04-26 19:36:39,797 - MyLogger - DEBUG - カラム '保有' の設定が見つかりません。
2025-04-26 19:36:39,797 - MyLogger - DEBUG - カラム '銘柄コード' の設定が見つかりません。
2025-04-26 19:36:39,993 - MyLogger - DEBUG - '銘柄' のデータを取得しました。値: 三菱ＵＦＪ
2025-04-26 19:36:39,993 - MyLogger - DEBUG - カラム '口座区分' の設定が見つかりません。
2025-04-26 19:36:39,994 - MyLogger - DEBUG - カラム '購入日' の設定が見つかりません。
2025-04-26 19:36:39,994 - MyLogger - DEBUG - カラム '権利確定月' の設定が見つかりません。
2025-04-26 19:36:39,994 - MyLogger - DEBUG - カラム '買値(円)' の設定が見つかりません。
2025-04-26 19:36:39,994 - MyLogger - DEBUG - カラム '持ち株数' の設定が見つかりません。
2025-04-26 19:36:39,994 - MyLogger - DEBUG - カラム '株価(円)' をスキップします。
2025-04-26 19:36:39,994 - MyLogger - DEBUG - カラム '利回り' の設定が見つかりません。
2025-04-26 19:36:39,994 - MyLogger - DEBUG - カラム '売買損益(円)' の設定が見つかりません。
2025-04-26 19:36:39,994 - MyLogger - DEBUG - カラム '1株配当金' の設定が見つかりません。
2025-04-26 19:36:39,994 - MyLogger - DEBUG - カラム '年間配当金' の設定が見つかりません。
2025-04-26 19:36:39,994 - MyLogger - DEBUG - カラム '株主優待' の設定が見つかりません。
2025-04-26 19:36:39,994 - MyLogger - DEBUG - カラム '時価総額(億円)' の設定が見つかりません。
2025-04-26 19:36:40,007 - MyLogger - DEBUG - '9434' のレコードを取得中...
2025-04-26 19:36:40,007 - MyLogger - DEBUG - カラム '保有' の設定が見つかりません。
2025-04-26 19:36:40,007 - MyLogger - DEBUG - カラム '銘柄コード' の設定が見つかりません。
2025-04-26 19:36:40,182 - MyLogger - DEBUG - '銘柄' のデータを取得しました。値: ソフトバンク
2025-04-26 19:36:40,183 - MyLogger - DEBUG - カラム '口座区分' の設定が見つかりません。
2025-04-26 19:36:40,183 - MyLogger - DEBUG - カラム '購入日' の設定が見つかりません。
2025-04-26 19:36:40,183 - MyLogger - DEBUG - カラム '権利確定月' の設定が見つかりません。
2025-04-26 19:36:40,183 - MyLogger - DEBUG - カラム '買値(円)' の設定が見つかりません。
2025-04-26 19:36:40,183 - MyLogger - DEBUG - カラム '持ち株数' の設定が見つかりません。
2025-04-26 19:36:40,183 - MyLogger - DEBUG - カラム '株価(円)' をスキップします。
2025-04-26 19:36:40,184 - MyLogger - DEBUG - カラム '利回り' の設定が見つかりません。
2025-04-26 19:36:40,184 - MyLogger - DEBUG - カラム '売買損益(円)' の設定が見つかりません。
2025-04-26 19:36:40,184 - MyLogger - DEBUG - カラム '1株配当金' の設定が見つかりません。
2025-04-26 19:36:40,184 - MyLogger - DEBUG - カラム '年間配当金' の設定が見つかりません。
2025-04-26 19:36:40,184 - MyLogger - DEBUG - カラム '株主優待' の設定が見つかりません。
2025-04-26 19:36:40,184 - MyLogger - DEBUG - カラム '時価総額(億円)' の設定が見つかりません。
2025-04-26 19:36:40,199 - MyLogger - DEBUG - '4755' のレコードを取得中...
2025-04-26 19:36:40,199 - MyLogger - DEBUG - カラム '保有' の設定が見つかりません。
2025-04-26 19:36:40,200 - MyLogger - DEBUG - カラム '銘柄コード' の設定が見つかりません。
2025-04-26 19:36:40,355 - MyLogger - DEBUG - '銘柄' のデータを取得しました。値: 楽天グループ
2025-04-26 19:36:40,355 - MyLogger - DEBUG - カラム '口座区分' の設定が見つかりません。
2025-04-26 19:36:40,356 - MyLogger - DEBUG - カラム '購入日' の設定が見つかりません。
2025-04-26 19:36:40,356 - MyLogger - DEBUG - カラム '権利確定月' の設定が見つかりません。
2025-04-26 19:36:40,356 - MyLogger - DEBUG - カラム '買値(円)' の設定が見つかりません。
2025-04-26 19:36:40,356 - MyLogger - DEBUG - カラム '持ち株数' の設定が見つかりません。
2025-04-26 19:36:40,356 - MyLogger - DEBUG - カラム '株価(円)' をスキップします。
2025-04-26 19:36:40,357 - MyLogger - DEBUG - カラム '利回り' の設定が見つかりません。
2025-04-26 19:36:40,357 - MyLogger - DEBUG - カラム '売買損益(円)' の設定が見つかりません。
2025-04-26 19:36:40,357 - MyLogger - DEBUG - カラム '1株配当金' の設定が見つかりません。
2025-04-26 19:36:40,357 - MyLogger - DEBUG - カラム '年間配当金' の設定が見つかりません。
2025-04-26 19:36:40,357 - MyLogger - DEBUG - カラム '株主優待' の設定が見つかりません。
2025-04-26 19:36:40,357 - MyLogger - DEBUG - カラム '時価総額(億円)' の設定が見つかりません。
2025-04-26 19:36:40,375 - MyLogger - DEBUG - '2927' のレコードを取得中...
2025-04-26 19:36:40,376 - MyLogger - DEBUG - カラム '保有' の設定が見つかりません。
2025-04-26 19:36:40,376 - MyLogger - DEBUG - カラム '銘柄コード' の設定が見つかりません。
2025-04-26 19:36:40,553 - MyLogger - DEBUG - '銘柄' のデータを取得しました。値: ＡＦＣ－ＨＤ
2025-04-26 19:36:40,555 - MyLogger - DEBUG - カラム '口座区分' の設定が見つかりません。
2025-04-26 19:36:40,555 - MyLogger - DEBUG - カラム '購入日' の設定が見つかりません。
2025-04-26 19:36:40,555 - MyLogger - DEBUG - カラム '権利確定月' の設定が見つかりません。
2025-04-26 19:36:40,555 - MyLogger - DEBUG - カラム '買値(円)' の設定が見つかりません。
2025-04-26 19:36:40,555 - MyLogger - DEBUG - カラム '持ち株数' の設定が見つかりません。
2025-04-26 19:36:40,556 - MyLogger - DEBUG - カラム '株価(円)' をスキップします。
2025-04-26 19:36:40,556 - MyLogger - DEBUG - カラム '利回り' の設定が見つかりません。
2025-04-26 19:36:40,556 - MyLogger - DEBUG - カラム '売買損益(円)' の設定が見つかりません。
2025-04-26 19:36:40,556 - MyLogger - DEBUG - カラム '1株配当金' の設定が見つかりません。
2025-04-26 19:36:40,556 - MyLogger - DEBUG - カラム '年間配当金' の設定が見つかりません。
2025-04-26 19:36:40,556 - MyLogger - DEBUG - カラム '株主優待' の設定が見つかりません。
2025-04-26 19:36:40,556 - MyLogger - DEBUG - カラム '時価総額(億円)' の設定が見つかりません。
2025-04-26 19:36:40,572 - MyLogger - DEBUG - '7453' のレコードを取得中...
2025-04-26 19:36:40,573 - MyLogger - DEBUG - カラム '保有' の設定が見つかりません。
2025-04-26 19:36:40,573 - MyLogger - DEBUG - カラム '銘柄コード' の設定が見つかりません。
2025-04-26 19:36:40,694 - MyLogger - DEBUG - '銘柄' のデータを取得しました。値: 良品計画
2025-04-26 19:36:40,694 - MyLogger - DEBUG - カラム '口座区分' の設定が見つかりません。
2025-04-26 19:36:40,694 - MyLogger - DEBUG - カラム '購入日' の設定が見つかりません。
2025-04-26 19:36:40,694 - MyLogger - DEBUG - カラム '権利確定月' の設定が見つかりません。
2025-04-26 19:36:40,694 - MyLogger - DEBUG - カラム '買値(円)' の設定が見つかりません。
2025-04-26 19:36:40,695 - MyLogger - DEBUG - カラム '持ち株数' の設定が見つかりません。
2025-04-26 19:36:40,695 - MyLogger - DEBUG - カラム '株価(円)' をスキップします。
2025-04-26 19:36:40,695 - MyLogger - DEBUG - カラム '利回り' の設定が見つかりません。
2025-04-26 19:36:40,695 - MyLogger - DEBUG - カラム '売買損益(円)' の設定が見つかりません。
2025-04-26 19:36:40,695 - MyLogger - DEBUG - カラム '1株配当金' の設定が見つかりません。
2025-04-26 19:36:40,695 - MyLogger - DEBUG - カラム '年間配当金' の設定が見つかりません。
2025-04-26 19:36:40,695 - MyLogger - DEBUG - カラム '株主優待' の設定が見つかりません。
2025-04-26 19:36:40,695 - MyLogger - DEBUG - カラム '時価総額(億円)' の設定が見つかりません。
2025-04-26 19:36:40,711 - MyLogger - DEBUG - '8801' のレコードを取得中...
2025-04-26 19:36:40,711 - MyLogger - DEBUG - カラム '保有' の設定が見つかりません。
2025-04-26 19:36:40,711 - MyLogger - DEBUG - カラム '銘柄コード' の設定が見つかりません。
2025-04-26 19:36:40,868 - MyLogger - DEBUG - '銘柄' のデータを取得しました。値: 三井不動産
2025-04-26 19:36:40,869 - MyLogger - DEBUG - カラム '口座区分' の設定が見つかりません。
2025-04-26 19:36:40,869 - MyLogger - DEBUG - カラム '購入日' の設定が見つかりません。
2025-04-26 19:36:40,869 - MyLogger - DEBUG - カラム '権利確定月' の設定が見つかりません。
2025-04-26 19:36:40,869 - MyLogger - DEBUG - カラム '買値(円)' の設定が見つかりません。
2025-04-26 19:36:40,869 - MyLogger - DEBUG - カラム '持ち株数' の設定が見つかりません。
2025-04-26 19:36:40,870 - MyLogger - DEBUG - カラム '株価(円)' をスキップします。
2025-04-26 19:36:40,870 - MyLogger - DEBUG - カラム '利回り' の設定が見つかりません。
2025-04-26 19:36:40,870 - MyLogger - DEBUG - カラム '売買損益(円)' の設定が見つかりません。
2025-04-26 19:36:40,870 - MyLogger - DEBUG - カラム '1株配当金' の設定が見つかりません。
2025-04-26 19:36:40,870 - MyLogger - DEBUG - カラム '年間配当金' の設定が見つかりません。
2025-04-26 19:36:40,870 - MyLogger - DEBUG - カラム '株主優待' の設定が見つかりません。
2025-04-26 19:36:40,871 - MyLogger - DEBUG - カラム '時価総額(億円)' の設定が見つかりません。
2025-04-26 19:36:40,888 - MyLogger - DEBUG - '6954' のレコードを取得中...
2025-04-26 19:36:40,888 - MyLogger - DEBUG - カラム '保有' の設定が見つかりません。
2025-04-26 19:36:40,889 - MyLogger - DEBUG - カラム '銘柄コード' の設定が見つかりません。
2025-04-26 19:36:41,092 - MyLogger - DEBUG - '銘柄' のデータを取得しました。値: ファナック
2025-04-26 19:36:41,092 - MyLogger - DEBUG - カラム '口座区分' の設定が見つかりません。
2025-04-26 19:36:41,093 - MyLogger - DEBUG - カラム '購入日' の設定が見つかりません。
2025-04-26 19:36:41,093 - MyLogger - DEBUG - カラム '権利確定月' の設定が見つかりません。
2025-04-26 19:36:41,093 - MyLogger - DEBUG - カラム '買値(円)' の設定が見つかりません。
2025-04-26 19:36:41,093 - MyLogger - DEBUG - カラム '持ち株数' の設定が見つかりません。
2025-04-26 19:36:41,093 - MyLogger - DEBUG - カラム '株価(円)' をスキップします。
2025-04-26 19:36:41,094 - MyLogger - DEBUG - カラム '利回り' の設定が見つかりません。
2025-04-26 19:36:41,094 - MyLogger - DEBUG - カラム '売買損益(円)' の設定が見つかりません。
2025-04-26 19:36:41,094 - MyLogger - DEBUG - カラム '1株配当金' の設定が見つかりません。
2025-04-26 19:36:41,094 - MyLogger - DEBUG - カラム '年間配当金' の設定が見つかりません。
2025-04-26 19:36:41,094 - MyLogger - DEBUG - カラム '株主優待' の設定が見つかりません。
2025-04-26 19:36:41,094 - MyLogger - DEBUG - カラム '時価総額(億円)' の設定が見つかりません。
2025-04-26 19:36:41,113 - MyLogger - DEBUG - '4503' のレコードを取得中...
2025-04-26 19:36:41,114 - MyLogger - DEBUG - カラム '保有' の設定が見つかりません。
2025-04-26 19:36:41,114 - MyLogger - DEBUG - カラム '銘柄コード' の設定が見つかりません。
2025-04-26 19:36:41,264 - MyLogger - DEBUG - '銘柄' のデータを取得しました。値: アステラス製薬
2025-04-26 19:36:41,265 - MyLogger - DEBUG - カラム '口座区分' の設定が見つかりません。
2025-04-26 19:36:41,265 - MyLogger - DEBUG - カラム '購入日' の設定が見つかりません。
2025-04-26 19:36:41,265 - MyLogger - DEBUG - カラム '権利確定月' の設定が見つかりません。
2025-04-26 19:36:41,265 - MyLogger - DEBUG - カラム '買値(円)' の設定が見つかりません。
2025-04-26 19:36:41,265 - MyLogger - DEBUG - カラム '持ち株数' の設定が見つかりません。
2025-04-26 19:36:41,265 - MyLogger - DEBUG - カラム '株価(円)' をスキップします。
2025-04-26 19:36:41,265 - MyLogger - DEBUG - カラム '利回り' の設定が見つかりません。
2025-04-26 19:36:41,265 - MyLogger - DEBUG - カラム '売買損益(円)' の設定が見つかりません。
2025-04-26 19:36:41,265 - MyLogger - DEBUG - カラム '1株配当金' の設定が見つかりません。
2025-04-26 19:36:41,265 - MyLogger - DEBUG - カラム '年間配当金' の設定が見つかりません。
2025-04-26 19:36:41,266 - MyLogger - DEBUG - カラム '株主優待' の設定が見つかりません。
2025-04-26 19:36:41,266 - MyLogger - DEBUG - カラム '時価総額(億円)' の設定が見つかりません。
2025-04-26 19:36:41,278 - MyLogger - DEBUG - '4063' のレコードを取得中...
2025-04-26 19:36:41,278 - MyLogger - DEBUG - カラム '保有' の設定が見つかりません。
2025-04-26 19:36:41,278 - MyLogger - DEBUG - カラム '銘柄コード' の設定が見つかりません。
2025-04-26 19:36:41,397 - MyLogger - DEBUG - '銘柄' のデータを取得しました。値: 信越化学工業
2025-04-26 19:36:41,397 - MyLogger - DEBUG - カラム '口座区分' の設定が見つかりません。
2025-04-26 19:36:41,397 - MyLogger - DEBUG - カラム '購入日' の設定が見つかりません。
2025-04-26 19:36:41,398 - MyLogger - DEBUG - カラム '権利確定月' の設定が見つかりません。
2025-04-26 19:36:41,398 - MyLogger - DEBUG - カラム '買値(円)' の設定が見つかりません。
2025-04-26 19:36:41,398 - MyLogger - DEBUG - カラム '持ち株数' の設定が見つかりません。
2025-04-26 19:36:41,398 - MyLogger - DEBUG - カラム '株価(円)' をスキップします。
2025-04-26 19:36:41,398 - MyLogger - DEBUG - カラム '利回り' の設定が見つかりません。
2025-04-26 19:36:41,398 - MyLogger - DEBUG - カラム '売買損益(円)' の設定が見つかりません。
2025-04-26 19:36:41,398 - MyLogger - DEBUG - カラム '1株配当金' の設定が見つかりません。
2025-04-26 19:36:41,398 - MyLogger - DEBUG - カラム '年間配当金' の設定が見つかりません。
2025-04-26 19:36:41,398 - MyLogger - DEBUG - カラム '株主優待' の設定が見つかりません。
2025-04-26 19:36:41,398 - MyLogger - DEBUG - カラム '時価総額(億円)' の設定が見つかりません。
2025-04-26 19:36:41,410 - MyLogger - DEBUG - '6857' のレコードを取得中...
2025-04-26 19:36:41,411 - MyLogger - DEBUG - カラム '保有' の設定が見つかりません。
2025-04-26 19:36:41,411 - MyLogger - DEBUG - カラム '銘柄コード' の設定が見つかりません。
2025-04-26 19:36:41,641 - MyLogger - DEBUG - '銘柄' のデータを取得しました。値: アドバンテスト
2025-04-26 19:36:41,642 - MyLogger - DEBUG - カラム '口座区分' の設定が見つかりません。
2025-04-26 19:36:41,642 - MyLogger - DEBUG - カラム '購入日' の設定が見つかりません。
2025-04-26 19:36:41,642 - MyLogger - DEBUG - カラム '権利確定月' の設定が見つかりません。
2025-04-26 19:36:41,642 - MyLogger - DEBUG - カラム '買値(円)' の設定が見つかりません。
2025-04-26 19:36:41,643 - MyLogger - DEBUG - カラム '持ち株数' の設定が見つかりません。
2025-04-26 19:36:41,643 - MyLogger - DEBUG - カラム '株価(円)' をスキップします。
2025-04-26 19:36:41,643 - MyLogger - DEBUG - カラム '利回り' の設定が見つかりません。
2025-04-26 19:36:41,643 - MyLogger - DEBUG - カラム '売買損益(円)' の設定が見つかりません。
2025-04-26 19:36:41,643 - MyLogger - DEBUG - カラム '1株配当金' の設定が見つかりません。
2025-04-26 19:36:41,643 - MyLogger - DEBUG - カラム '年間配当金' の設定が見つかりません。
2025-04-26 19:36:41,643 - MyLogger - DEBUG - カラム '株主優待' の設定が見つかりません。
2025-04-26 19:36:41,644 - MyLogger - DEBUG - カラム '時価総額(億円)' の設定が見つかりません。
2025-04-26 19:36:41,661 - MyLogger - DEBUG - '6701' のレコードを取得中...
2025-04-26 19:36:41,662 - MyLogger - DEBUG - カラム '保有' の設定が見つかりません。
2025-04-26 19:36:41,662 - MyLogger - DEBUG - カラム '銘柄コード' の設定が見つかりません。
2025-04-26 19:36:41,848 - MyLogger - DEBUG - '銘柄' のデータを取得しました。値: ＮＥＣ
2025-04-26 19:36:41,849 - MyLogger - DEBUG - カラム '口座区分' の設定が見つかりません。
2025-04-26 19:36:41,849 - MyLogger - DEBUG - カラム '購入日' の設定が見つかりません。
2025-04-26 19:36:41,849 - MyLogger - DEBUG - カラム '権利確定月' の設定が見つかりません。
2025-04-26 19:36:41,850 - MyLogger - DEBUG - カラム '買値(円)' の設定が見つかりません。
2025-04-26 19:36:41,850 - MyLogger - DEBUG - カラム '持ち株数' の設定が見つかりません。
2025-04-26 19:36:41,850 - MyLogger - DEBUG - カラム '株価(円)' をスキップします。
2025-04-26 19:36:41,850 - MyLogger - DEBUG - カラム '利回り' の設定が見つかりません。
2025-04-26 19:36:41,850 - MyLogger - DEBUG - カラム '売買損益(円)' の設定が見つかりません。
2025-04-26 19:36:41,851 - MyLogger - DEBUG - カラム '1株配当金' の設定が見つかりません。
2025-04-26 19:36:41,851 - MyLogger - DEBUG - カラム '年間配当金' の設定が見つかりません。
2025-04-26 19:36:41,851 - MyLogger - DEBUG - カラム '株主優待' の設定が見つかりません。
2025-04-26 19:36:41,851 - MyLogger - DEBUG - カラム '時価総額(億円)' の設定が見つかりません。
2025-04-26 19:36:41,890 - MyLogger - DEBUG - '6501' のレコードを取得中...
2025-04-26 19:36:41,891 - MyLogger - DEBUG - カラム '保有' の設定が見つかりません。
2025-04-26 19:36:41,891 - MyLogger - DEBUG - カラム '銘柄コード' の設定が見つかりません。
2025-04-26 19:36:42,070 - MyLogger - DEBUG - '銘柄' のデータを取得しました。値: 日立製作所
2025-04-26 19:36:42,070 - MyLogger - DEBUG - カラム '口座区分' の設定が見つかりません。
2025-04-26 19:36:42,071 - MyLogger - DEBUG - カラム '購入日' の設定が見つかりません。
2025-04-26 19:36:42,071 - MyLogger - DEBUG - カラム '権利確定月' の設定が見つかりません。
2025-04-26 19:36:42,071 - MyLogger - DEBUG - カラム '買値(円)' の設定が見つかりません。
2025-04-26 19:36:42,071 - MyLogger - DEBUG - カラム '持ち株数' の設定が見つかりません。
2025-04-26 19:36:42,071 - MyLogger - DEBUG - カラム '株価(円)' をスキップします。
2025-04-26 19:36:42,071 - MyLogger - DEBUG - カラム '利回り' の設定が見つかりません。
2025-04-26 19:36:42,071 - MyLogger - DEBUG - カラム '売買損益(円)' の設定が見つかりません。
2025-04-26 19:36:42,071 - MyLogger - DEBUG - カラム '1株配当金' の設定が見つかりません。
2025-04-26 19:36:42,072 - MyLogger - DEBUG - カラム '年間配当金' の設定が見つかりません。
2025-04-26 19:36:42,072 - MyLogger - DEBUG - カラム '株主優待' の設定が見つかりません。
2025-04-26 19:36:42,072 - MyLogger - DEBUG - カラム '時価総額(億円)' の設定が見つかりません。
2025-04-26 19:36:42,085 - MyLogger - DEBUG - '5191' のレコードを取得中...
2025-04-26 19:36:42,085 - MyLogger - DEBUG - カラム '保有' の設定が見つかりません。
2025-04-26 19:36:42,085 - MyLogger - DEBUG - カラム '銘柄コード' の設定が見つかりません。
2025-04-26 19:36:42,221 - MyLogger - DEBUG - '銘柄' のデータを取得しました。値: 住友理工
2025-04-26 19:36:42,221 - MyLogger - DEBUG - カラム '口座区分' の設定が見つかりません。
2025-04-26 19:36:42,221 - MyLogger - DEBUG - カラム '購入日' の設定が見つかりません。
2025-04-26 19:36:42,221 - MyLogger - DEBUG - カラム '権利確定月' の設定が見つかりません。
2025-04-26 19:36:42,221 - MyLogger - DEBUG - カラム '買値(円)' の設定が見つかりません。
2025-04-26 19:36:42,221 - MyLogger - DEBUG - カラム '持ち株数' の設定が見つかりません。
2025-04-26 19:36:42,222 - MyLogger - DEBUG - カラム '株価(円)' をスキップします。
2025-04-26 19:36:42,222 - MyLogger - DEBUG - カラム '利回り' の設定が見つかりません。
2025-04-26 19:36:42,222 - MyLogger - DEBUG - カラム '売買損益(円)' の設定が見つかりません。
2025-04-26 19:36:42,222 - MyLogger - DEBUG - カラム '1株配当金' の設定が見つかりません。
2025-04-26 19:36:42,222 - MyLogger - DEBUG - カラム '年間配当金' の設定が見つかりません。
2025-04-26 19:36:42,222 - MyLogger - DEBUG - カラム '株主優待' の設定が見つかりません。
2025-04-26 19:36:42,222 - MyLogger - DEBUG - カラム '時価総額(億円)' の設定が見つかりません。
2025-04-26 19:36:42,235 - MyLogger - DEBUG - '6326' のレコードを取得中...
2025-04-26 19:36:42,236 - MyLogger - DEBUG - カラム '保有' の設定が見つかりません。
2025-04-26 19:36:42,236 - MyLogger - DEBUG - カラム '銘柄コード' の設定が見つかりません。
2025-04-26 19:36:42,353 - MyLogger - DEBUG - '銘柄' のデータを取得しました。値: クボタ
2025-04-26 19:36:42,354 - MyLogger - DEBUG - カラム '口座区分' の設定が見つかりません。
2025-04-26 19:36:42,354 - MyLogger - DEBUG - カラム '購入日' の設定が見つかりません。
2025-04-26 19:36:42,354 - MyLogger - DEBUG - カラム '権利確定月' の設定が見つかりません。
2025-04-26 19:36:42,354 - MyLogger - DEBUG - カラム '買値(円)' の設定が見つかりません。
2025-04-26 19:36:42,354 - MyLogger - DEBUG - カラム '持ち株数' の設定が見つかりません。
2025-04-26 19:36:42,354 - MyLogger - DEBUG - カラム '株価(円)' をスキップします。
2025-04-26 19:36:42,354 - MyLogger - DEBUG - カラム '利回り' の設定が見つかりません。
2025-04-26 19:36:42,354 - MyLogger - DEBUG - カラム '売買損益(円)' の設定が見つかりません。
2025-04-26 19:36:42,354 - MyLogger - DEBUG - カラム '1株配当金' の設定が見つかりません。
2025-04-26 19:36:42,354 - MyLogger - DEBUG - カラム '年間配当金' の設定が見つかりません。
2025-04-26 19:36:42,355 - MyLogger - DEBUG - カラム '株主優待' の設定が見つかりません。
2025-04-26 19:36:42,355 - MyLogger - DEBUG - カラム '時価総額(億円)' の設定が見つかりません。
2025-04-26 19:36:42,368 - MyLogger - DEBUG - '8058' のレコードを取得中...
2025-04-26 19:36:42,369 - MyLogger - DEBUG - カラム '保有' の設定が見つかりません。
2025-04-26 19:36:42,369 - MyLogger - DEBUG - カラム '銘柄コード' の設定が見つかりません。
2025-04-26 19:36:42,513 - MyLogger - DEBUG - '銘柄' のデータを取得しました。値: 三菱商事
2025-04-26 19:36:42,514 - MyLogger - DEBUG - カラム '口座区分' の設定が見つかりません。
2025-04-26 19:36:42,514 - MyLogger - DEBUG - カラム '購入日' の設定が見つかりません。
2025-04-26 19:36:42,514 - MyLogger - DEBUG - カラム '権利確定月' の設定が見つかりません。
2025-04-26 19:36:42,514 - MyLogger - DEBUG - カラム '買値(円)' の設定が見つかりません。
2025-04-26 19:36:42,515 - MyLogger - DEBUG - カラム '持ち株数' の設定が見つかりません。
2025-04-26 19:36:42,515 - MyLogger - DEBUG - カラム '株価(円)' をスキップします。
2025-04-26 19:36:42,515 - MyLogger - DEBUG - カラム '利回り' の設定が見つかりません。
2025-04-26 19:36:42,515 - MyLogger - DEBUG - カラム '売買損益(円)' の設定が見つかりません。
2025-04-26 19:36:42,515 - MyLogger - DEBUG - カラム '1株配当金' の設定が見つかりません。
2025-04-26 19:36:42,516 - MyLogger - DEBUG - カラム '年間配当金' の設定が見つかりません。
2025-04-26 19:36:42,516 - MyLogger - DEBUG - カラム '株主優待' の設定が見つかりません。
2025-04-26 19:36:42,516 - MyLogger - DEBUG - カラム '時価総額(億円)' の設定が見つかりません。
2025-04-26 19:36:42,534 - MyLogger - DEBUG - '3003' のレコードを取得中...
2025-04-26 19:36:42,535 - MyLogger - DEBUG - カラム '保有' の設定が見つかりません。
2025-04-26 19:36:42,535 - MyLogger - DEBUG - カラム '銘柄コード' の設定が見つかりません。
2025-04-26 19:36:42,705 - MyLogger - DEBUG - '銘柄' のデータを取得しました。値: ヒューリック
2025-04-26 19:36:42,705 - MyLogger - DEBUG - カラム '口座区分' の設定が見つかりません。
2025-04-26 19:36:42,705 - MyLogger - DEBUG - カラム '購入日' の設定が見つかりません。
2025-04-26 19:36:42,706 - MyLogger - DEBUG - カラム '権利確定月' の設定が見つかりません。
2025-04-26 19:36:42,706 - MyLogger - DEBUG - カラム '買値(円)' の設定が見つかりません。
2025-04-26 19:36:42,706 - MyLogger - DEBUG - カラム '持ち株数' の設定が見つかりません。
2025-04-26 19:36:42,706 - MyLogger - DEBUG - カラム '株価(円)' をスキップします。
2025-04-26 19:36:42,706 - MyLogger - DEBUG - カラム '利回り' の設定が見つかりません。
2025-04-26 19:36:42,706 - MyLogger - DEBUG - カラム '売買損益(円)' の設定が見つかりません。
2025-04-26 19:36:42,707 - MyLogger - DEBUG - カラム '1株配当金' の設定が見つかりません。
2025-04-26 19:36:42,707 - MyLogger - DEBUG - カラム '年間配当金' の設定が見つかりません。
2025-04-26 19:36:42,707 - MyLogger - DEBUG - カラム '株主優待' の設定が見つかりません。
2025-04-26 19:36:42,707 - MyLogger - DEBUG - カラム '時価総額(億円)' の設定が見つかりません。
2025-04-26 19:36:42,724 - MyLogger - DEBUG - '2114' のレコードを取得中...
2025-04-26 19:36:42,724 - MyLogger - DEBUG - カラム '保有' の設定が見つかりません。
2025-04-26 19:36:42,724 - MyLogger - DEBUG - カラム '銘柄コード' の設定が見つかりません。
2025-04-26 19:36:42,898 - MyLogger - DEBUG - '銘柄' のデータを取得しました。値: フジ日本
2025-04-26 19:36:42,899 - MyLogger - DEBUG - カラム '口座区分' の設定が見つかりません。
2025-04-26 19:36:42,899 - MyLogger - DEBUG - カラム '購入日' の設定が見つかりません。
2025-04-26 19:36:42,899 - MyLogger - DEBUG - カラム '権利確定月' の設定が見つかりません。
2025-04-26 19:36:42,899 - MyLogger - DEBUG - カラム '買値(円)' の設定が見つかりません。
2025-04-26 19:36:42,899 - MyLogger - DEBUG - カラム '持ち株数' の設定が見つかりません。
2025-04-26 19:36:42,900 - MyLogger - DEBUG - カラム '株価(円)' をスキップします。
2025-04-26 19:36:42,900 - MyLogger - DEBUG - カラム '利回り' の設定が見つかりません。
2025-04-26 19:36:42,900 - MyLogger - DEBUG - カラム '売買損益(円)' の設定が見つかりません。
2025-04-26 19:36:42,900 - MyLogger - DEBUG - カラム '1株配当金' の設定が見つかりません。
2025-04-26 19:36:42,900 - MyLogger - DEBUG - カラム '年間配当金' の設定が見つかりません。
2025-04-26 19:36:42,901 - MyLogger - DEBUG - カラム '株主優待' の設定が見つかりません。
2025-04-26 19:36:42,901 - MyLogger - DEBUG - カラム '時価総額(億円)' の設定が見つかりません。
2025-04-26 19:36:42,921 - MyLogger - DEBUG - '8410' のレコードを取得中...
2025-04-26 19:36:42,922 - MyLogger - DEBUG - カラム '保有' の設定が見つかりません。
2025-04-26 19:36:42,922 - MyLogger - DEBUG - カラム '銘柄コード' の設定が見つかりません。
2025-04-26 19:36:43,101 - MyLogger - DEBUG - '銘柄' のデータを取得しました。値: セブン銀行
2025-04-26 19:36:43,102 - MyLogger - DEBUG - カラム '口座区分' の設定が見つかりません。
2025-04-26 19:36:43,102 - MyLogger - DEBUG - カラム '購入日' の設定が見つかりません。
2025-04-26 19:36:43,102 - MyLogger - DEBUG - カラム '権利確定月' の設定が見つかりません。
2025-04-26 19:36:43,102 - MyLogger - DEBUG - カラム '買値(円)' の設定が見つかりません。
2025-04-26 19:36:43,102 - MyLogger - DEBUG - カラム '持ち株数' の設定が見つかりません。
2025-04-26 19:36:43,102 - MyLogger - DEBUG - カラム '株価(円)' をスキップします。
2025-04-26 19:36:43,103 - MyLogger - DEBUG - カラム '利回り' の設定が見つかりません。
2025-04-26 19:36:43,103 - MyLogger - DEBUG - カラム '売買損益(円)' の設定が見つかりません。
2025-04-26 19:36:43,103 - MyLogger - DEBUG - カラム '1株配当金' の設定が見つかりません。
2025-04-26 19:36:43,103 - MyLogger - DEBUG - カラム '年間配当金' の設定が見つかりません。
2025-04-26 19:36:43,103 - MyLogger - DEBUG - カラム '株主優待' の設定が見つかりません。
2025-04-26 19:36:43,103 - MyLogger - DEBUG - カラム '時価総額(億円)' の設定が見つかりません。
2025-04-26 19:36:43,121 - MyLogger - DEBUG - '7267' のレコードを取得中...
2025-04-26 19:36:43,121 - MyLogger - DEBUG - カラム '保有' の設定が見つかりません。
2025-04-26 19:36:43,122 - MyLogger - DEBUG - カラム '銘柄コード' の設定が見つかりません。
2025-04-26 19:36:43,311 - MyLogger - DEBUG - '銘柄' のデータを取得しました。値: ホンダ
2025-04-26 19:36:43,311 - MyLogger - DEBUG - カラム '口座区分' の設定が見つかりません。
2025-04-26 19:36:43,311 - MyLogger - DEBUG - カラム '購入日' の設定が見つかりません。
2025-04-26 19:36:43,312 - MyLogger - DEBUG - カラム '権利確定月' の設定が見つかりません。
2025-04-26 19:36:43,312 - MyLogger - DEBUG - カラム '買値(円)' の設定が見つかりません。
2025-04-26 19:36:43,312 - MyLogger - DEBUG - カラム '持ち株数' の設定が見つかりません。
2025-04-26 19:36:43,312 - MyLogger - DEBUG - カラム '株価(円)' をスキップします。
2025-04-26 19:36:43,313 - MyLogger - DEBUG - カラム '利回り' の設定が見つかりません。
2025-04-26 19:36:43,313 - MyLogger - DEBUG - カラム '売買損益(円)' の設定が見つかりません。
2025-04-26 19:36:43,313 - MyLogger - DEBUG - カラム '1株配当金' の設定が見つかりません。
2025-04-26 19:36:43,313 - MyLogger - DEBUG - カラム '年間配当金' の設定が見つかりません。
2025-04-26 19:36:43,313 - MyLogger - DEBUG - カラム '株主優待' の設定が見つかりません。
2025-04-26 19:36:43,313 - MyLogger - DEBUG - カラム '時価総額(億円)' の設定が見つかりません。
2025-04-26 19:36:43,331 - MyLogger - DEBUG - '5020' のレコードを取得中...
2025-04-26 19:36:43,332 - MyLogger - DEBUG - カラム '保有' の設定が見つかりません。
2025-04-26 19:36:43,332 - MyLogger - DEBUG - カラム '銘柄コード' の設定が見つかりません。
2025-04-26 19:36:43,488 - MyLogger - DEBUG - '銘柄' のデータを取得しました。値: ＥＮＥＯＳ
2025-04-26 19:36:43,489 - MyLogger - DEBUG - カラム '口座区分' の設定が見つかりません。
2025-04-26 19:36:43,489 - MyLogger - DEBUG - カラム '購入日' の設定が見つかりません。
2025-04-26 19:36:43,489 - MyLogger - DEBUG - カラム '権利確定月' の設定が見つかりません。
2025-04-26 19:36:43,490 - MyLogger - DEBUG - カラム '買値(円)' の設定が見つかりません。
2025-04-26 19:36:43,490 - MyLogger - DEBUG - カラム '持ち株数' の設定が見つかりません。
2025-04-26 19:36:43,490 - MyLogger - DEBUG - カラム '株価(円)' をスキップします。
2025-04-26 19:36:43,490 - MyLogger - DEBUG - カラム '利回り' の設定が見つかりません。
2025-04-26 19:36:43,491 - MyLogger - DEBUG - カラム '売買損益(円)' の設定が見つかりません。
2025-04-26 19:36:43,491 - MyLogger - DEBUG - カラム '1株配当金' の設定が見つかりません。
2025-04-26 19:36:43,491 - MyLogger - DEBUG - カラム '年間配当金' の設定が見つかりません。
2025-04-26 19:36:43,491 - MyLogger - DEBUG - カラム '株主優待' の設定が見つかりません。
2025-04-26 19:36:43,491 - MyLogger - DEBUG - カラム '時価総額(億円)' の設定が見つかりません。
2025-04-26 19:36:43,512 - MyLogger - DEBUG - '1332' のレコードを取得中...
2025-04-26 19:36:43,513 - MyLogger - DEBUG - カラム '保有' の設定が見つかりません。
2025-04-26 19:36:43,513 - MyLogger - DEBUG - カラム '銘柄コード' の設定が見つかりません。
2025-04-26 19:36:43,690 - MyLogger - DEBUG - '銘柄' のデータを取得しました。値: ニッスイ
2025-04-26 19:36:43,691 - MyLogger - DEBUG - カラム '口座区分' の設定が見つかりません。
2025-04-26 19:36:43,691 - MyLogger - DEBUG - カラム '購入日' の設定が見つかりません。
2025-04-26 19:36:43,691 - MyLogger - DEBUG - カラム '権利確定月' の設定が見つかりません。
2025-04-26 19:36:43,692 - MyLogger - DEBUG - カラム '買値(円)' の設定が見つかりません。
2025-04-26 19:36:43,692 - MyLogger - DEBUG - カラム '持ち株数' の設定が見つかりません。
2025-04-26 19:36:43,692 - MyLogger - DEBUG - カラム '株価(円)' をスキップします。
2025-04-26 19:36:43,692 - MyLogger - DEBUG - カラム '利回り' の設定が見つかりません。
2025-04-26 19:36:43,693 - MyLogger - DEBUG - カラム '売買損益(円)' の設定が見つかりません。
2025-04-26 19:36:43,693 - MyLogger - DEBUG - カラム '1株配当金' の設定が見つかりません。
2025-04-26 19:36:43,693 - MyLogger - DEBUG - カラム '年間配当金' の設定が見つかりません。
2025-04-26 19:36:43,693 - MyLogger - DEBUG - カラム '株主優待' の設定が見つかりません。
2025-04-26 19:36:43,693 - MyLogger - DEBUG - カラム '時価総額(億円)' の設定が見つかりません。
